<?xml version="1.0" encoding="UTF-8"?>
<robot generator="Robot 5.0.1 (Python 3.10.8 on darwin)" generated="20221023 14:56:58.969" rpa="false" schemaversion="3">
<suite id="s1" name="Tests" source="/Users/tranthanhtai/Practice/VSeeExercises/APIAutomation/tests">
<suite id="s1-s1" name="gitHubApi" source="/Users/tranthanhtai/Practice/VSeeExercises/APIAutomation/tests/gitHubApi.robot">
<test id="s1-s1-t1" name="TC01 - Total open issues are there across all repositories" line="10">
<kw name="GIVEN Clients Is Connected To Github API">
<kw name="Create Github API Session" library="mainFunctions">
<kw name="Create Session" library="RequestsLibrary">
<arg>github_session</arg>
<arg>${GITHUB_API_URL}</arg>
<doc>Create Session: create a HTTP session to a server</doc>
<msg timestamp="20221023 14:56:59.100" level="DEBUG">Test timeout 2 minutes active. 119.999 seconds left.</msg>
<msg timestamp="20221023 14:56:59.100" level="INFO">Creating Session using : alias=github_session, url=https://api.github.com, headers={},                     cookies={}, auth=None, timeout=None, proxies=None, verify=False,                     debug=0 </msg>
<msg timestamp="20221023 14:56:59.100" level="DEBUG">Creating session: github_session</msg>
<status status="PASS" starttime="20221023 14:56:59.100" endtime="20221023 14:56:59.100"/>
</kw>
<status status="PASS" starttime="20221023 14:56:59.100" endtime="20221023 14:56:59.100"/>
</kw>
<status status="PASS" starttime="20221023 14:56:59.100" endtime="20221023 14:56:59.100"/>
</kw>
<kw name="WHEN Clients is executes GET API to get total open issues">
<kw name="Create Dictionary" library="BuiltIn">
<var>${headers}</var>
<arg>Content-Type=application/json</arg>
<doc>Creates and returns a dictionary based on the given ``items``.</doc>
<msg timestamp="20221023 14:56:59.101" level="INFO">${headers} = {'Content-Type': 'application/json'}</msg>
<status status="PASS" starttime="20221023 14:56:59.101" endtime="20221023 14:56:59.101"/>
</kw>
<kw name="Execute GET API Request and Return Respone" library="mainFunctions">
<arg>github_session</arg>
<arg>/orgs/${OWNER_REPO}/repos</arg>
<arg>${headers}</arg>
<kw name="GET On Session" library="RequestsLibrary">
<var>${response}</var>
<arg>${alias}</arg>
<arg>url=${url}</arg>
<arg>headers=${headers}</arg>
<doc>Sends a GET request on a previously created HTTP Session.</doc>
<msg timestamp="20221023 14:56:59.101" level="DEBUG">Test timeout 2 minutes active. 119.999 seconds left.</msg>
<msg timestamp="20221023 14:56:59.146" level="DEBUG">Starting new HTTPS connection (1): api.github.com:443</msg>
<msg timestamp="20221023 14:56:59.750" level="DEBUG">https://api.github.com:443 "GET /orgs/SeleniumHQ/repos HTTP/1.1" 200 None</msg>
<msg timestamp="20221023 14:56:59.752" level="INFO">GET Request : url=https://api.github.com/orgs/SeleniumHQ/repos 
 path_url=/orgs/SeleniumHQ/repos 
 headers={'User-Agent': 'python-requests/2.28.1', 'Accept-Encoding': 'gzip, deflate', 'Accept': '*/*', 'Connection': 'keep-alive', 'Content-Type': 'application/json'} 
 body=None 
 </msg>
<msg timestamp="20221023 14:56:59.752" level="INFO">GET Response : url=https://api.github.com/orgs/SeleniumHQ/repos 
 status=200, reason=OK 
 headers={'Server': 'GitHub.com', 'Date': 'Sun, 23 Oct 2022 07:56:59 GMT', 'Content-Type': 'application/json; charset=utf-8', 'Cache-Control': 'public, max-age=60, s-maxage=60', 'Vary': 'Accept, Accept-Encoding, Accept, X-Requested-With', 'ETag': 'W/"fa972daad9bf00122bce01061632a34ef35b8ec417bbf9e8d6af50af4a565ffa"', 'X-GitHub-Media-Type': 'github.v3; format=json', 'Access-Control-Expose-Headers': 'ETag, Link, Location, Retry-After, X-GitHub-OTP, X-RateLimit-Limit, X-RateLimit-Remaining, X-RateLimit-Used, X-RateLimit-Resource, X-RateLimit-Reset, X-OAuth-Scopes, X-Accepted-OAuth-Scopes, X-Poll-Interval, X-GitHub-Media-Type, X-GitHub-SSO, X-GitHub-Request-Id, Deprecation, Sunset', 'Access-Control-Allow-Origin': '*', 'Strict-Transport-Security': 'max-age=31536000; includeSubdomains; preload', 'X-Frame-Options': 'deny', 'X-Content-Type-Options': 'nosniff', 'X-XSS-Protection': '0', 'Referrer-Policy': 'origin-when-cross-origin, strict-origin-when-cross-origin', 'Content-Security-Policy': "default-src 'none'", 'Content-Encoding': 'gzip', 'X-RateLimit-Limit': '60', 'X-RateLimit-Remaining': '59', 'X-RateLimit-Reset': '1666515419', 'X-RateLimit-Resource': 'core', 'X-RateLimit-Used': '1', 'Accept-Ranges': 'bytes', 'Transfer-Encoding': 'chunked', 'X-GitHub-Request-Id': 'CF31:4921:BE129E:C6FEE1:6354F3CB'} 
 body=[{"id":1390519,"node_id":"MDEwOlJlcG9zaXRvcnkxMzkwNTE5","name":"selbot2","full_name":"SeleniumHQ/selbot2","private":false,"owner":{"login":"SeleniumHQ","id":983927,"node_id":"MDEyOk9yZ2FuaXphdGlvbjk4MzkyNw==","avatar_url":"https://avatars.githubusercontent.com/u/983927?v=4","gravatar_id":"","url":"https://api.github.com/users/SeleniumHQ","html_url":"https://github.com/SeleniumHQ","followers_url":"https://api.github.com/users/SeleniumHQ/followers","following_url":"https://api.github.com/users/SeleniumHQ/following{/other_user}","gists_url":"https://api.github.com/users/SeleniumHQ/gists{/gist_id}","starred_url":"https://api.github.com/users/SeleniumHQ/starred{/owner}{/repo}","subscriptions_url":"https://api.github.com/users/SeleniumHQ/subscriptions","organizations_url":"https://api.github.com/users/SeleniumHQ/orgs","repos_url":"https://api.github.com/users/SeleniumHQ/repos","events_url":"https://api.github.com/users/SeleniumHQ/events{/privacy}","received_events_url":"https://api.github.com/users/SeleniumHQ/received_events","type":"Organization","site_admin":false},"html_url":"https://github.com/SeleniumHQ/selbot2","description":"bot for #selenium on freenode","fork":false,"url":"https://api.github.com/repos/SeleniumHQ/selbot2","forks_url":"https://api.github.com/repos/SeleniumHQ/selbot2/forks","keys_url":"https://api.github.com/repos/SeleniumHQ/selbot2/keys{/key_id}","collaborators_url":"https://api.github.com/repos/SeleniumHQ/selbot2/collaborators{/collaborator}","teams_url":"https://api.github.com/repos/SeleniumHQ/selbot2/teams","hooks_url":"https://api.github.com/repos/SeleniumHQ/selbot2/hooks","issue_events_url":"https://api.github.com/repos/SeleniumHQ/selbot2/issues/events{/number}","events_url":"https://api.github.com/repos/SeleniumHQ/selbot2/events","assignees_url":"https://api.github.com/repos/SeleniumHQ/selbot2/assignees{/user}","branches_url":"https://api.github.com/repos/SeleniumHQ/selbot2/branches{/branch}","tags_url":"https://api.github.com/repos/SeleniumHQ/selbot2/tags","blobs_url":"https://api.github.com/repos/SeleniumHQ/selbot2/git/blobs{/sha}","git_tags_url":"https://api.github.com/repos/SeleniumHQ/selbot2/git/tags{/sha}","git_refs_url":"https://api.github.com/repos/SeleniumHQ/selbot2/git/refs{/sha}","trees_url":"https://api.github.com/repos/SeleniumHQ/selbot2/git/trees{/sha}","statuses_url":"https://api.github.com/repos/SeleniumHQ/selbot2/statuses/{sha}","languages_url":"https://api.github.com/repos/SeleniumHQ/selbot2/languages","stargazers_url":"https://api.github.com/repos/SeleniumHQ/selbot2/stargazers","contributors_url":"https://api.github.com/repos/SeleniumHQ/selbot2/contributors","subscribers_url":"https://api.github.com/repos/SeleniumHQ/selbot2/subscribers","subscription_url":"https://api.github.com/repos/SeleniumHQ/selbot2/subscription","commits_url":"https://api.github.com/repos/SeleniumHQ/selbot2/commits{/sha}","git_commits_url":"https://api.github.com/repos/SeleniumHQ/selbot2/git/commits{/sha}","comments_url":"https://api.github.com/repos/SeleniumHQ/selbot2/comments{/number}","issue_comment_url":"https://api.github.com/repos/SeleniumHQ/selbot2/issues/comments{/number}","contents_url":"https://api.github.com/repos/SeleniumHQ/selbot2/contents/{+path}","compare_url":"https://api.github.com/repos/SeleniumHQ/selbot2/compare/{base}...{head}","merges_url":"https://api.github.com/repos/SeleniumHQ/selbot2/merges","archive_url":"https://api.github.com/repos/SeleniumHQ/selbot2/{archive_format}{/ref}","downloads_url":"https://api.github.com/repos/SeleniumHQ/selbot2/downloads","issues_url":"https://api.github.com/repos/SeleniumHQ/selbot2/issues{/number}","pulls_url":"https://api.github.com/repos/SeleniumHQ/selbot2/pulls{/number}","milestones_url":"https://api.github.com/repos/SeleniumHQ/selbot2/milestones{/number}","notifications_url":"https://api.github.com/repos/SeleniumHQ/selbot2/notifications{?since,all,participating}","labels_url":"https://api.github.com/repos/SeleniumHQ/selbot2/labels{/name}","releases_url":"https://api.github.com/repos/SeleniumHQ/selbot2/releases{/id}","deployments_url":"https://api.github.com/repos/SeleniumHQ/selbot2/deployments","created_at":"2011-02-20T22:01:55Z","updated_at":"2022-05-11T14:37:36Z","pushed_at":"2022-10-19T08:59:17Z","git_url":"git://github.com/SeleniumHQ/selbot2.git","ssh_url":"git@github.com:SeleniumHQ/selbot2.git","clone_url":"https://github.com/SeleniumHQ/selbot2.git","svn_url":"https://github.com/SeleniumHQ/selbot2","homepage":"","size":260,"stargazers_count":15,"watchers_count":15,"language":"Ruby","has_issues":true,"has_projects":true,"has_downloads":true,"has_wiki":true,"has_pages":false,"forks_count":30,"mirror_url":null,"archived":false,"disabled":false,"open_issues_count":1,"license":null,"allow_forking":true,"is_template":false,"web_commit_signoff_required":false,"topics":[],"visibility":"public","forks":30,"open_issues":1,"watchers":15,"default_branch":"master","permissions":{"admin":false,"maintain":false,"push":false,"triage":false,"pull":true}},{"id":2221963,"node_id":"MDEwOlJlcG9zaXRvcnkyMjIxOTYz","name":"fluent-selenium","full_name":"SeleniumHQ/fluent-selenium","private":false,"owner":{"login":"SeleniumHQ","id":983927,"node_id":"MDEyOk9yZ2FuaXphdGlvbjk4MzkyNw==","avatar_url":"https://avatars.githubusercontent.com/u/983927?v=4","gravatar_id":"","url":"https://api.github.com/users/SeleniumHQ","html_url":"https://github.com/SeleniumHQ","followers_url":"https://api.github.com/users/SeleniumHQ/followers","following_url":"https://api.github.com/users/SeleniumHQ/following{/other_user}","gists_url":"https://api.github.com/users/SeleniumHQ/gists{/gist_id}","starred_url":"https://api.github.com/users/SeleniumHQ/starred{/owner}{/repo}","subscriptions_url":"https://api.github.com/users/SeleniumHQ/subscriptions","organizations_url":"https://api.github.com/users/SeleniumHQ/orgs","repos_url":"https://api.github.com/users/SeleniumHQ/repos","events_url":"https://api.github.com/users/SeleniumHQ/events{/privacy}","received_events_url":"https://api.github.com/users/SeleniumHQ/received_events","type":"Organization","site_admin":false},"html_url":"https://github.com/SeleniumHQ/fluent-selenium","description":"Fluent Selenium","fork":false,"url":"https://api.github.com/repos/SeleniumHQ/fluent-selenium","forks_url":"https://api.github.com/repos/SeleniumHQ/fluent-selenium/forks","keys_url":"https://api.github.com/repos/SeleniumHQ/fluent-selenium/keys{/key_id}","collaborators_url":"https://api.github.com/repos/SeleniumHQ/fluent-selenium/collaborators{/collaborator}","teams_url":"https://api.github.com/repos/SeleniumHQ/fluent-selenium/teams","hooks_url":"https://api.github.com/repos/SeleniumHQ/fluent-selenium/hooks","issue_events_url":"https://api.github.com/repos/SeleniumHQ/fluent-selenium/issues/events{/number}","events_url":"https://api.github.com/repos/SeleniumHQ/fluent-selenium/events","assignees_url":"https://api.github.com/repos/SeleniumHQ/fluent-selenium/assignees{/user}","branches_url":"https://api.github.com/repos/SeleniumHQ/fluent-selenium/branches{/branch}","tags_url":"https://api.github.com/repos/SeleniumHQ/fluent-selenium/tags","blobs_url":"https://api.github.com/repos/SeleniumHQ/fluent-selenium/git/blobs{/sha}","git_tags_url":"https://api.github.com/repos/SeleniumHQ/fluent-selenium/git/tags{/sha}","git_refs_url":"https://api.github.com/repos/SeleniumHQ/fluent-selenium/git/refs{/sha}","trees_url":"https://api.github.com/repos/SeleniumHQ/fluent-selenium/git/trees{/sha}","statuses_url":"https://api.github.com/repos/SeleniumHQ/fluent-selenium/statuses/{sha}","languages_url":"https://api.github.com/repos/SeleniumHQ/fluent-selenium/languages","stargazers_url":"https://api.github.com/repos/SeleniumHQ/fluent-selenium/stargazers","contributors_url":"https://api.github.com/repos/SeleniumHQ/fluent-selenium/contributors","subscribers_url":"https://api.github.com/repos/SeleniumHQ/fluent-selenium/subscribers","subscription_url":"https://api.github.com/repos/SeleniumHQ/fluent-selenium/subscription","commits_url":"https://api.github.com/repos/SeleniumHQ/fluent-selenium/commits{/sha}","git_commits_url":"https://api.github.com/repos/SeleniumHQ/fluent-selenium/git/commits{/sha}","comments_url":"https://api.github.com/repos/SeleniumHQ/fluent-selenium/comments{/number}","issue_comment_url":"https://api.github.com/repos/SeleniumHQ/fluent-selenium/issues/comments{/number}","contents_url":"https://api.github.com/repos/SeleniumHQ/fluent-selenium/contents/{+path}","compare_url":"https://api.github.com/repos/SeleniumHQ/fluent-selenium/compare/{base}...{head}","merges_url":"https://api.github.com/repos/SeleniumHQ/fluent-selenium/merges","archive_url":"https://api.github.com/repos/SeleniumHQ/fluent-selenium/{archive_format}{/ref}","downloads_url":"https://api.github.com/repos/SeleniumHQ/fluent-selenium/downloads","issues_url":"https://api.github.com/repos/SeleniumHQ/fluent-selenium/issues{/number}","pulls_url":"https://api.github.com/repos/SeleniumHQ/fluent-selenium/pulls{/number}","milestones_url":"https://api.github.com/repos/SeleniumHQ/fluent-selenium/milestones{/number}","notifications_url":"https://api.github.com/repos/SeleniumHQ/fluent-selenium/notifications{?since,all,participating}","labels_url":"https://api.github.com/repos/SeleniumHQ/fluent-selenium/labels{/name}","releases_url":"https://api.github.com/repos/SeleniumHQ/fluent-selenium/releases{/id}","deployments_url":"https://api.github.com/repos/SeleniumHQ/fluent-selenium/deployments","created_at":"2011-08-17T13:43:48Z","updated_at":"2022-10-07T19:08:27Z","pushed_at":"2022-09-17T10:23:46Z","git_url":"git://github.com/SeleniumHQ/fluent-selenium.git","ssh_url":"git@github.com:SeleniumHQ/fluent-selenium.git","clone_url":"https://github.com/SeleniumHQ/fluent-selenium.git","svn_url":"https://github.com/SeleniumHQ/fluent-selenium","homepage":"","size":1466,"stargazers_count":148,"watchers_count":148,"language":"Java","has_issues":true,"has_projects":true,"has_downloads":true,"has_wiki":true,"has_pages":true,"forks_count":73,"mirror_url":null,"archived":false,"disabled":false,"open_issues_count":2,"license":{"key":"apache-2.0","name":"Apache License 2.0","spdx_id":"Apache-2.0","url":"https://api.github.com/licenses/apache-2.0","node_id":"MDc6TGljZW5zZTI="},"allow_forking":true,"is_template":false,"web_commit_signoff_required":false,"topics":[],"visibility":"public","forks":73,"open_issues":2,"watchers":148,"default_branch":"master","permissions":{"admin":false,"maintain":false,"push":false,"triage":false,"pull":true}},{"id":7568964,"node_id":"MDEwOlJlcG9zaXRvcnk3NTY4OTY0","name":"www.seleniumhq.org","full_name":"SeleniumHQ/www.seleniumhq.org","private":false,"owner":{"login":"SeleniumHQ","id":983927,"node_id":"MDEyOk9yZ2FuaXphdGlvbjk4MzkyNw==","avatar_url":"https://avatars.githubusercontent.com/u/983927?v=4","gravatar_id":"","url":"https://api.github.com/users/SeleniumHQ","html_url":"https://github.com/SeleniumHQ","followers_url":"https://api.github.com/users/SeleniumHQ/followers","following_url":"https://api.github.com/users/SeleniumHQ/following{/other_user}","gists_url":"https://api.github.com/users/SeleniumHQ/gists{/gist_id}","starred_url":"https://api.github.com/users/SeleniumHQ/starred{/owner}{/repo}","subscriptions_url":"https://api.github.com/users/SeleniumHQ/subscriptions","organizations_url":"https://api.github.com/users/SeleniumHQ/orgs","repos_url":"https://api.github.com/users/SeleniumHQ/repos","events_url":"https://api.github.com/users/SeleniumHQ/events{/privacy}","received_events_url":"https://api.github.com/users/SeleniumHQ/received_events","type":"Organization","site_admin":false},"html_url":"https://github.com/SeleniumHQ/www.seleniumhq.org","description":"Old Selenium website and docs (deprecated)","fork":false,"url":"https://api.github.com/repos/SeleniumHQ/www.seleniumhq.org","forks_url":"https://api.github.com/repos/SeleniumHQ/www.seleniumhq.org/forks","keys_url":"https://api.github.com/repos/SeleniumHQ/www.seleniumhq.org/keys{/key_id}","collaborators_url":"https://api.github.com/repos/SeleniumHQ/www.seleniumhq.org/collaborators{/collaborator}","teams_url":"https://api.github.com/repos/SeleniumHQ/www.seleniumhq.org/teams","hooks_url":"https://api.github.com/repos/SeleniumHQ/www.seleniumhq.org/hooks","issue_events_url":"https://api.github.com/repos/SeleniumHQ/www.seleniumhq.org/issues/events{/number}","events_url":"https://api.github.com/repos/SeleniumHQ/www.seleniumhq.org/events","assignees_url":"https://api.github.com/repos/SeleniumHQ/www.seleniumhq.org/assignees{/user}","branches_url":"https://api.github.com/repos/SeleniumHQ/www.seleniumhq.org/branches{/branch}","tags_url":"https://api.github.com/repos/SeleniumHQ/www.seleniumhq.org/tags","blobs_url":"https://api.github.com/repos/SeleniumHQ/www.seleniumhq.org/git/blobs{/sha}","git_tags_url":"https://api.github.com/repos/SeleniumHQ/www.seleniumhq.org/git/tags{/sha}","git_refs_url":"https://api.github.com/repos/SeleniumHQ/www.seleniumhq.org/git/refs{/sha}","trees_url":"https://api.github.com/repos/SeleniumHQ/www.seleniumhq.org/git/trees{/sha}","statuses_url":"https://api.github.com/repos/SeleniumHQ/www.seleniumhq.org/statuses/{sha}","languages_url":"https://api.github.com/repos/SeleniumHQ/www.seleniumhq.org/languages","stargazers_url":"https://api.github.com/repos/SeleniumHQ/www.seleniumhq.org/stargazers","contributors_url":"https://api.github.com/repos/SeleniumHQ/www.seleniumhq.org/contributors","subscribers_url":"https://api.github.com/repos/SeleniumHQ/www.seleniumhq.org/subscribers","subscription_url":"https://api.github.com/repos/SeleniumHQ/www.seleniumhq.org/subscription","commits_url":"https://api.github.com/repos/SeleniumHQ/www.seleniumhq.org/commits{/sha}","git_commits_url":"https://api.github.com/repos/SeleniumHQ/www.seleniumhq.org/git/commits{/sha}","comments_url":"https://api.github.com/repos/SeleniumHQ/www.seleniumhq.org/comments{/number}","issue_comment_url":"https://api.github.com/repos/SeleniumHQ/www.seleniumhq.org/issues/comments{/number}","contents_url":"https://api.github.com/repos/SeleniumHQ/www.seleniumhq.org/contents/{+path}","compare_url":"https://api.github.com/repos/SeleniumHQ/www.seleniumhq.org/compare/{base}...{head}","merges_url":"https://api.github.com/repos/SeleniumHQ/www.seleniumhq.org/merges","archive_url":"https://api.github.com/repos/SeleniumHQ/www.seleniumhq.org/{archive_format}{/ref}","downloads_url":"https://api.github.com/repos/SeleniumHQ/www.seleniumhq.org/downloads","issues_url":"https://api.github.com/repos/SeleniumHQ/www.seleniumhq.org/issues{/number}","pulls_url":"https://api.github.com/repos/SeleniumHQ/www.seleniumhq.org/pulls{/number}","milestones_url":"https://api.github.com/repos/SeleniumHQ/www.seleniumhq.org/milestones{/number}","notifications_url":"https://api.github.com/repos/SeleniumHQ/www.seleniumhq.org/notifications{?since,all,participating}","labels_url":"https://api.github.com/repos/SeleniumHQ/www.seleniumhq.org/labels{/name}","releases_url":"https://api.github.com/repos/SeleniumHQ/www.seleniumhq.org/releases{/id}","deployments_url":"https://api.github.com/repos/SeleniumHQ/www.seleniumhq.org/deployments","created_at":"2013-01-11T23:28:02Z","updated_at":"2022-08-23T02:49:11Z","pushed_at":"2019-11-17T22:52:00Z","git_url":"git://github.com/SeleniumHQ/www.seleniumhq.org.git","ssh_url":"git@github.com:SeleniumHQ/www.seleniumhq.org.git","clone_url":"https://github.com/SeleniumHQ/www.seleniumhq.org.git","svn_url":"https://github.com/SeleniumHQ/www.seleniumhq.org","homepage":"","size":62472,"stargazers_count":184,"watchers_count":184,"language":"HTML","has_issues":true,"has_projects":false,"has_downloads":true,"has_wiki":true,"has_pages":false,"forks_count":426,"mirror_url":null,"archived":true,"disabled":false,"open_issues_count":0,"license":null,"allow_forking":true,"is_template":false,"web_commit_signoff_required":false,"topics":[],"visibility":"public","forks":426,"open_issues":0,"watchers":184,"default_branch":"master","permissions":{"admin":false,"maintain":false,"push":false,"triage":false,"pull":true}},{"id":7613257,"node_id":"MDEwOlJlcG9zaXRvcnk3NjEzMjU3","name":"selenium","full_name":"SeleniumHQ/selenium","private":false,"owner":{"login":"SeleniumHQ","id":983927,"node_id":"MDEyOk9yZ2FuaXphdGlvbjk4MzkyNw==","avatar_url":"https://avatars.githubusercontent.com/u/983927?v=4","gravatar_id":"","url":"https://api.github.com/users/SeleniumHQ","html_url":"https://github.com/SeleniumHQ","followers_url":"https://api.github.com/users/SeleniumHQ/followers","following_url":"https://api.github.com/users/SeleniumHQ/following{/other_user}","gists_url":"https://api.github.com/users/SeleniumHQ/gists{/gist_id}","starred_url":"https://api.github.com/users/SeleniumHQ/starred{/owner}{/repo}","subscriptions_url":"https://api.github.com/users/SeleniumHQ/subscriptions","organizations_url":"https://api.github.com/users/SeleniumHQ/orgs","repos_url":"https://api.github.com/users/SeleniumHQ/repos","events_url":"https://api.github.com/users/SeleniumHQ/events{/privacy}","received_events_url":"https://api.github.com/users/SeleniumHQ/received_events","type":"Organization","site_admin":false},"html_url":"https://github.com/SeleniumHQ/selenium","description":"A browser automation framework and ecosystem.","fork":false,"url":"https://api.github.com/repos/SeleniumHQ/selenium","forks_url":"https://api.github.com/repos/SeleniumHQ/selenium/forks","keys_url":"https://api.github.com/repos/SeleniumHQ/selenium/keys{/key_id}","collaborators_url":"https://api.github.com/repos/SeleniumHQ/selenium/collaborators{/collaborator}","teams_url":"https://api.github.com/repos/SeleniumHQ/selenium/teams","hooks_url":"https://api.github.com/repos/SeleniumHQ/selenium/hooks","issue_events_url":"https://api.github.com/repos/SeleniumHQ/selenium/issues/events{/number}","events_url":"https://api.github.com/repos/SeleniumHQ/selenium/events","assignees_url":"https://api.github.com/repos/SeleniumHQ/selenium/assignees{/user}","branches_url":"https://api.github.com/repos/SeleniumHQ/selenium/branches{/branch}","tags_url":"https://api.github.com/repos/SeleniumHQ/selenium/tags","blobs_url":"https://api.github.com/repos/SeleniumHQ/selenium/git/blobs{/sha}","git_tags_url":"https://api.github.com/repos/SeleniumHQ/selenium/git/tags{/sha}","git_refs_url":"https://api.github.com/repos/SeleniumHQ/selenium/git/refs{/sha}","trees_url":"https://api.github.com/repos/SeleniumHQ/selenium/git/trees{/sha}","statuses_url":"https://api.github.com/repos/SeleniumHQ/selenium/statuses/{sha}","languages_url":"https://api.github.com/repos/SeleniumHQ/selenium/languages","stargazers_url":"https://api.github.com/repos/SeleniumHQ/selenium/stargazers","contributors_url":"https://api.github.com/repos/SeleniumHQ/selenium/contributors","subscribers_url":"https://api.github.com/repos/SeleniumHQ/selenium/subscribers","subscription_url":"https://api.github.com/repos/SeleniumHQ/selenium/subscription","commits_url":"https://api.github.com/repos/SeleniumHQ/selenium/commits{/sha}","git_commits_url":"https://api.github.com/repos/SeleniumHQ/selenium/git/commits{/sha}","comments_url":"https://api.github.com/repos/SeleniumHQ/selenium/comments{/number}","issue_comment_url":"https://api.github.com/repos/SeleniumHQ/selenium/issues/comments{/number}","contents_url":"https://api.github.com/repos/SeleniumHQ/selenium/contents/{+path}","compare_url":"https://api.github.com/repos/SeleniumHQ/selenium/compare/{base}...{head}","merges_url":"https://api.github.com/repos/SeleniumHQ/selenium/merges","archive_url":"https://api.github.com/repos/SeleniumHQ/selenium/{archive_format}{/ref}","downloads_url":"https://api.github.com/repos/SeleniumHQ/selenium/downloads","issues_url":"https://api.github.com/repos/SeleniumHQ/selenium/issues{/number}","pulls_url":"https://api.github.com/repos/SeleniumHQ/selenium/pulls{/number}","milestones_url":"https://api.github.com/repos/SeleniumHQ/selenium/milestones{/number}","notifications_url":"https://api.github.com/repos/SeleniumHQ/selenium/notifications{?since,all,participating}","labels_url":"https://api.github.com/repos/SeleniumHQ/selenium/labels{/name}","releases_url":"https://api.github.com/repos/SeleniumHQ/selenium/releases{/id}","deployments_url":"https://api.github.com/repos/SeleniumHQ/selenium/deployments","created_at":"2013-01-14T21:40:56Z","updated_at":"2022-10-23T06:52:42Z","pushed_at":"2022-10-22T08:38:20Z","git_url":"git://github.com/SeleniumHQ/selenium.git","ssh_url":"git@github.com:SeleniumHQ/selenium.git","clone_url":"https://github.com/SeleniumHQ/selenium.git","svn_url":"https://github.com/SeleniumHQ/selenium","homepage":"https://selenium.dev","size":1966700,"stargazers_count":24930,"watchers_count":24930,"language":"Java","has_issues":true,"has_projects":true,"has_downloads":true,"has_wiki":true,"has_pages":true,"forks_count":7223,"mirror_url":null,"archived":false,"disabled":false,"open_issues_count":113,"license":{"key":"apache-2.0","name":"Apache License 2.0","spdx_id":"Apache-2.0","url":"https://api.github.com/licenses/apache-2.0","node_id":"MDc6TGljZW5zZTI="},"allow_forking":true,"is_template":false,"web_commit_signoff_required":false,"topics":["dotnet","java","javascript","python","ruby","selenium","webdriver"],"visibility":"public","forks":7223,"open_issues":113,"watchers":24930,"default_branch":"trunk","permissions":{"admin":false,"maintain":false,"push":false,"triage":false,"pull":true}},{"id":9457897,"node_id":"MDEwOlJlcG9zaXRvcnk5NDU3ODk3","name":"irc-logs","full_name":"SeleniumHQ/irc-logs","private":false,"owner":{"login":"SeleniumHQ","id":983927,"node_id":"MDEyOk9yZ2FuaXphdGlvbjk4MzkyNw==","avatar_url":"https://avatars.githubusercontent.com/u/983927?v=4","gravatar_id":"","url":"https://api.github.com/users/SeleniumHQ","html_url":"https://github.com/SeleniumHQ","followers_url":"https://api.github.com/users/SeleniumHQ/followers","following_url":"https://api.github.com/users/SeleniumHQ/following{/other_user}","gists_url":"https://api.github.com/users/SeleniumHQ/gists{/gist_id}","starred_url":"https://api.github.com/users/SeleniumHQ/starred{/owner}{/repo}","subscriptions_url":"https://api.github.com/users/SeleniumHQ/subscriptions","organizations_url":"https://api.github.com/users/SeleniumHQ/orgs","repos_url":"https://api.github.com/users/SeleniumHQ/repos","events_url":"https://api.github.com/users/SeleniumHQ/events{/privacy}","received_events_url":"https://api.github.com/users/SeleniumHQ/received_events","type":"Organization","site_admin":false},"html_url":"https://github.com/SeleniumHQ/irc-logs","description":"logs from #selenium on irc.freenode.net","fork":false,"url":"https://api.github.com/repos/SeleniumHQ/irc-logs","forks_url":"https://api.github.com/repos/SeleniumHQ/irc-logs/forks","keys_url":"https://api.github.com/repos/SeleniumHQ/irc-logs/keys{/key_id}","collaborators_url":"https://api.github.com/repos/SeleniumHQ/irc-logs/collaborators{/collaborator}","teams_url":"https://api.github.com/repos/SeleniumHQ/irc-logs/teams","hooks_url":"https://api.github.com/repos/SeleniumHQ/irc-logs/hooks","issue_events_url":"https://api.github.com/repos/SeleniumHQ/irc-logs/issues/events{/number}","events_url":"https://api.github.com/repos/SeleniumHQ/irc-logs/events","assignees_url":"https://api.github.com/repos/SeleniumHQ/irc-logs/assignees{/user}","branches_url":"https://api.github.com/repos/SeleniumHQ/irc-logs/branches{/branch}","tags_url":"https://api.github.com/repos/SeleniumHQ/irc-logs/tags","blobs_url":"https://api.github.com/repos/SeleniumHQ/irc-logs/git/blobs{/sha}","git_tags_url":"https://api.github.com/repos/SeleniumHQ/irc-logs/git/tags{/sha}","git_refs_url":"https://api.github.com/repos/SeleniumHQ/irc-logs/git/refs{/sha}","trees_url":"https://api.github.com/repos/SeleniumHQ/irc-logs/git/trees{/sha}","statuses_url":"https://api.github.com/repos/SeleniumHQ/irc-logs/statuses/{sha}","languages_url":"https://api.github.com/repos/SeleniumHQ/irc-logs/languages","stargazers_url":"https://api.github.com/repos/SeleniumHQ/irc-logs/stargazers","contributors_url":"https://api.github.com/repos/SeleniumHQ/irc-logs/contributors","subscribers_url":"https://api.github.com/repos/SeleniumHQ/irc-logs/subscribers","subscription_url":"https://api.github.com/repos/SeleniumHQ/irc-logs/subscription","commits_url":"https://api.github.com/repos/SeleniumHQ/irc-logs/commits{/sha}","git_commits_url":"https://api.github.com/repos/SeleniumHQ/irc-logs/git/commits{/sha}","comments_url":"https://api.github.com/repos/SeleniumHQ/irc-logs/comments{/number}","issue_comment_url":"https://api.github.com/repos/SeleniumHQ/irc-logs/issues/comments{/number}","contents_url":"https://api.github.com/repos/SeleniumHQ/irc-logs/contents/{+path}","compare_url":"https://api.github.com/repos/SeleniumHQ/irc-logs/compare/{base}...{head}","merges_url":"https://api.github.com/repos/SeleniumHQ/irc-logs/merges","archive_url":"https://api.github.com/repos/SeleniumHQ/irc-logs/{archive_format}{/ref}","downloads_url":"https://api.github.com/repos/SeleniumHQ/irc-logs/downloads","issues_url":"https://api.github.com/repos/SeleniumHQ/irc-logs/issues{/number}","pulls_url":"https://api.github.com/repos/SeleniumHQ/irc-logs/pulls{/number}","milestones_url":"https://api.github.com/repos/SeleniumHQ/irc-logs/milestones{/number}","notifications_url":"https://api.github.com/repos/SeleniumHQ/irc-logs/notifications{?since,all,participating}","labels_url":"https://api.github.com/repos/SeleniumHQ/irc-logs/labels{/name}","releases_url":"https://api.github.com/repos/SeleniumHQ/irc-logs/releases{/id}","deployments_url":"https://api.github.com/repos/SeleniumHQ/irc-logs/deployments","created_at":"2013-04-15T20:47:09Z","updated_at":"2022-06-19T09:58:48Z","pushed_at":"2020-05-19T18:48:11Z","git_url":"git://github.com/SeleniumHQ/irc-logs.git","ssh_url":"git@github.com:SeleniumHQ/irc-logs.git","clone_url":"https://github.com/SeleniumHQ/irc-logs.git","svn_url":"https://github.com/SeleniumHQ/irc-logs","homepage":"","size":19798,"stargazers_count":7,"watchers_count":7,"language":"Shell","has_issues":false,"has_projects":true,"has_downloads":true,"has_wiki":false,"has_pages":false,"forks_count":8,"mirror_url":null,"archived":true,"disabled":false,"open_issues_count":0,"license":null,"allow_forking":true,"is_template":false,"web_commit_signoff_required":false,"topics":[],"visibility":"public","forks":8,"open_issues":0,"watchers":7,"default_branch":"master","permissions":{"admin":false,"maintain":false,"push":false,"triage":false,"pull":true}},{"id":10590213,"node_id":"MDEwOlJlcG9zaXRvcnkxMDU5MDIxMw==","name":"docs","full_name":"SeleniumHQ/docs","private":false,"owner":{"login":"SeleniumHQ","id":983927,"node_id":"MDEyOk9yZ2FuaXphdGlvbjk4MzkyNw==","avatar_url":"https://avatars.githubusercontent.com/u/983927?v=4","gravatar_id":"","url":"https://api.github.com/users/SeleniumHQ","html_url":"https://github.com/SeleniumHQ","followers_url":"https://api.github.com/users/SeleniumHQ/followers","following_url":"https://api.github.com/users/SeleniumHQ/following{/other_user}","gists_url":"https://api.github.com/users/SeleniumHQ/gists{/gist_id}","starred_url":"https://api.github.com/users/SeleniumHQ/starred{/owner}{/repo}","subscriptions_url":"https://api.github.com/users/SeleniumHQ/subscriptions","organizations_url":"https://api.github.com/users/SeleniumHQ/orgs","repos_url":"https://api.github.com/users/SeleniumHQ/repos","events_url":"https://api.github.com/users/SeleniumHQ/events{/privacy}","received_events_url":"https://api.github.com/users/SeleniumHQ/received_events","type":"Organization","site_admin":false},"html_url":"https://github.com/SeleniumHQ/docs","description":"Project to rewrite the Selenium documentation.","fork":false,"url":"https://api.github.com/repos/SeleniumHQ/docs","forks_url":"https://api.github.com/repos/SeleniumHQ/docs/forks","keys_url":"https://api.github.com/repos/SeleniumHQ/docs/keys{/key_id}","collaborators_url":"https://api.github.com/repos/SeleniumHQ/docs/collaborators{/collaborator}","teams_url":"https://api.github.com/repos/SeleniumHQ/docs/teams","hooks_url":"https://api.github.com/repos/SeleniumHQ/docs/hooks","issue_events_url":"https://api.github.com/repos/SeleniumHQ/docs/issues/events{/number}","events_url":"https://api.github.com/repos/SeleniumHQ/docs/events","assignees_url":"https://api.github.com/repos/SeleniumHQ/docs/assignees{/user}","branches_url":"https://api.github.com/repos/SeleniumHQ/docs/branches{/branch}","tags_url":"https://api.github.com/repos/SeleniumHQ/docs/tags","blobs_url":"https://api.github.com/repos/SeleniumHQ/docs/git/blobs{/sha}","git_tags_url":"https://api.github.com/repos/SeleniumHQ/docs/git/tags{/sha}","git_refs_url":"https://api.github.com/repos/SeleniumHQ/docs/git/refs{/sha}","trees_url":"https://api.github.com/repos/SeleniumHQ/docs/git/trees{/sha}","statuses_url":"https://api.github.com/repos/SeleniumHQ/docs/statuses/{sha}","languages_url":"https://api.github.com/repos/SeleniumHQ/docs/languages","stargazers_url":"https://api.github.com/repos/SeleniumHQ/docs/stargazers","contributors_url":"https://api.github.com/repos/SeleniumHQ/docs/contributors","subscribers_url":"https://api.github.com/repos/SeleniumHQ/docs/subscribers","subscription_url":"https://api.github.com/repos/SeleniumHQ/docs/subscription","commits_url":"https://api.github.com/repos/SeleniumHQ/docs/commits{/sha}","git_commits_url":"https://api.github.com/repos/SeleniumHQ/docs/git/commits{/sha}","comments_url":"https://api.github.com/repos/SeleniumHQ/docs/comments{/number}","issue_comment_url":"https://api.github.com/repos/SeleniumHQ/docs/issues/comments{/number}","contents_url":"https://api.github.com/repos/SeleniumHQ/docs/contents/{+path}","compare_url":"https://api.github.com/repos/SeleniumHQ/docs/compare/{base}...{head}","merges_url":"https://api.github.com/repos/SeleniumHQ/docs/merges","archive_url":"https://api.github.com/repos/SeleniumHQ/docs/{archive_format}{/ref}","downloads_url":"https://api.github.com/repos/SeleniumHQ/docs/downloads","issues_url":"https://api.github.com/repos/SeleniumHQ/docs/issues{/number}","pulls_url":"https://api.github.com/repos/SeleniumHQ/docs/pulls{/number}","milestones_url":"https://api.github.com/repos/SeleniumHQ/docs/milestones{/number}","notifications_url":"https://api.github.com/repos/SeleniumHQ/docs/notifications{?since,all,participating}","labels_url":"https://api.github.com/repos/SeleniumHQ/docs/labels{/name}","releases_url":"https://api.github.com/repos/SeleniumHQ/docs/releases{/id}","deployments_url":"https://api.github.com/repos/SeleniumHQ/docs/deployments","created_at":"2013-06-09T22:40:26Z","updated_at":"2022-08-23T02:57:06Z","pushed_at":"2021-06-15T09:09:08Z","git_url":"git://github.com/SeleniumHQ/docs.git","ssh_url":"git@github.com:SeleniumHQ/docs.git","clone_url":"https://github.com/SeleniumHQ/docs.git","svn_url":"https://github.com/SeleniumHQ/docs","homepage":"https://seleniumhq.github.io/docs","size":58372,"stargazers_count":128,"watchers_count":128,"language":"HTML","has_issues":true,"has_projects":false,"has_downloads":true,"has_wiki":false,"has_pages":false,"forks_count":157,"mirror_url":null,"archived":true,"disabled":false,"open_issues_count":0,"license":{"key":"apache-2.0","name":"Apache License 2.0","spdx_id":"Apache-2.0","url":"https://api.github.com/licenses/apache-2.0","node_id":"MDc6TGljZW5zZTI="},"allow_forking":true,"is_template":false,"web_commit_signoff_required":false,"topics":[],"visibility":"public","forks":157,"open_issues":0,"watchers":128,"default_branch":"old_docs","permissions":{"admin":false,"maintain":false,"push":false,"triage":false,"pull":true}},{"id":26768643,"node_id":"MDEwOlJlcG9zaXRvcnkyNjc2ODY0Mw==","name":"docker-selenium","full_name":"SeleniumHQ/docker-selenium","private":false,"owner":{"login":"SeleniumHQ","id":983927,"node_id":"MDEyOk9yZ2FuaXphdGlvbjk4MzkyNw==","avatar_url":"https://avatars.githubusercontent.com/u/983927?v=4","gravatar_id":"","url":"https://api.github.com/users/SeleniumHQ","html_url":"https://github.com/SeleniumHQ","followers_url":"https://api.github.com/users/SeleniumHQ/followers","following_url":"https://api.github.com/users/SeleniumHQ/following{/other_user}","gists_url":"https://api.github.com/users/SeleniumHQ/gists{/gist_id}","starred_url":"https://api.github.com/users/SeleniumHQ/starred{/owner}{/repo}","subscriptions_url":"https://api.github.com/users/SeleniumHQ/subscriptions","organizations_url":"https://api.github.com/users/SeleniumHQ/orgs","repos_url":"https://api.github.com/users/SeleniumHQ/repos","events_url":"https://api.github.com/users/SeleniumHQ/events{/privacy}","received_events_url":"https://api.github.com/users/SeleniumHQ/received_events","type":"Organization","site_admin":false},"html_url":"https://github.com/SeleniumHQ/docker-selenium","description":"Docker images for Selenium Grid","fork":false,"url":"https://api.github.com/repos/SeleniumHQ/docker-selenium","forks_url":"https://api.github.com/repos/SeleniumHQ/docker-selenium/forks","keys_url":"https://api.github.com/repos/SeleniumHQ/docker-selenium/keys{/key_id}","collaborators_url":"https://api.github.com/repos/SeleniumHQ/docker-selenium/collaborators{/collaborator}","teams_url":"https://api.github.com/repos/SeleniumHQ/docker-selenium/teams","hooks_url":"https://api.github.com/repos/SeleniumHQ/docker-selenium/hooks","issue_events_url":"https://api.github.com/repos/SeleniumHQ/docker-selenium/issues/events{/number}","events_url":"https://api.github.com/repos/SeleniumHQ/docker-selenium/events","assignees_url":"https://api.github.com/repos/SeleniumHQ/docker-selenium/assignees{/user}","branches_url":"https://api.github.com/repos/SeleniumHQ/docker-selenium/branches{/branch}","tags_url":"https://api.github.com/repos/SeleniumHQ/docker-selenium/tags","blobs_url":"https://api.github.com/repos/SeleniumHQ/docker-selenium/git/blobs{/sha}","git_tags_url":"https://api.github.com/repos/SeleniumHQ/docker-selenium/git/tags{/sha}","git_refs_url":"https://api.github.com/repos/SeleniumHQ/docker-selenium/git/refs{/sha}","trees_url":"https://api.github.com/repos/SeleniumHQ/docker-selenium/git/trees{/sha}","statuses_url":"https://api.github.com/repos/SeleniumHQ/docker-selenium/statuses/{sha}","languages_url":"https://api.github.com/repos/SeleniumHQ/docker-selenium/languages","stargazers_url":"https://api.github.com/repos/SeleniumHQ/docker-selenium/stargazers","contributors_url":"https://api.github.com/repos/SeleniumHQ/docker-selenium/contributors","subscribers_url":"https://api.github.com/repos/SeleniumHQ/docker-selenium/subscribers","subscription_url":"https://api.github.com/repos/SeleniumHQ/docker-selenium/subscription","commits_url":"https://api.github.com/repos/SeleniumHQ/docker-selenium/commits{/sha}","git_commits_url":"https://api.github.com/repos/SeleniumHQ/docker-selenium/git/commits{/sha}","comments_url":"https://api.github.com/repos/SeleniumHQ/docker-selenium/comments{/number}","issue_comment_url":"https://api.github.com/repos/SeleniumHQ/docker-selenium/issues/comments{/number}","contents_url":"https://api.github.com/repos/SeleniumHQ/docker-selenium/contents/{+path}","compare_url":"https://api.github.com/repos/SeleniumHQ/docker-selenium/compare/{base}...{head}","merges_url":"https://api.github.com/repos/SeleniumHQ/docker-selenium/merges","archive_url":"https://api.github.com/repos/SeleniumHQ/docker-selenium/{archive_format}{/ref}","downloads_url":"https://api.github.com/repos/SeleniumHQ/docker-selenium/downloads","issues_url":"https://api.github.com/repos/SeleniumHQ/docker-selenium/issues{/number}","pulls_url":"https://api.github.com/repos/SeleniumHQ/docker-selenium/pulls{/number}","milestones_url":"https://api.github.com/repos/SeleniumHQ/docker-selenium/milestones{/number}","notifications_url":"https://api.github.com/repos/SeleniumHQ/docker-selenium/notifications{?since,all,participating}","labels_url":"https://api.github.com/repos/SeleniumHQ/docker-selenium/labels{/name}","releases_url":"https://api.github.com/repos/SeleniumHQ/docker-selenium/releases{/id}","deployments_url":"https://api.github.com/repos/SeleniumHQ/docker-selenium/deployments","created_at":"2014-11-17T17:39:22Z","updated_at":"2022-10-23T07:27:34Z","pushed_at":"2022-10-21T12:23:37Z","git_url":"git://github.com/SeleniumHQ/docker-selenium.git","ssh_url":"git@github.com:SeleniumHQ/docker-selenium.git","clone_url":"https://github.com/SeleniumHQ/docker-selenium.git","svn_url":"https://github.com/SeleniumHQ/docker-selenium","homepage":"https://hub.docker.com/u/selenium","size":2218,"stargazers_count":6313,"watchers_count":6313,"language":"Shell","has_issues":true,"has_projects":true,"has_downloads":true,"has_wiki":true,"has_pages":true,"forks_count":2228,"mirror_url":null,"archived":false,"disabled":false,"open_issues_count":21,"license":{"key":"other","name":"Other","spdx_id":"NOASSERTION","url":null,"node_id":"MDc6TGljZW5zZTA="},"allow_forking":true,"is_template":false,"web_commit_signoff_required":false,"topics":["docker","docker-selenium","selenium","selenium-grid","selenium-node","selenium-server","webdriver"],"visibility":"public","forks":2228,"open_issues":21,"watchers":6313,"default_branch":"trunk","permissions":{"admin":false,"maintain":false,"push":false,"triage":false,"pull":true}},{"id":32183673,"node_id":"MDEwOlJlcG9zaXRvcnkzMjE4MzY3Mw==","name":"mobile-spec","full_name":"SeleniumHQ/mobile-spec","private":false,"owner":{"login":"SeleniumHQ","id":983927,"node_id":"MDEyOk9yZ2FuaXphdGlvbjk4MzkyNw==","avatar_url":"https://avatars.githubusercontent.com/u/983927?v=4","gravatar_id":"","url":"https://api.github.com/users/SeleniumHQ","html_url":"https://github.com/SeleniumHQ","followers_url":"https://api.github.com/users/SeleniumHQ/followers","following_url":"https://api.github.com/users/SeleniumHQ/following{/other_user}","gists_url":"https://api.github.com/users/SeleniumHQ/gists{/gist_id}","starred_url":"https://api.github.com/users/SeleniumHQ/starred{/owner}{/repo}","subscriptions_url":"https://api.github.com/users/SeleniumHQ/subscriptions","organizations_url":"https://api.github.com/users/SeleniumHQ/orgs","repos_url":"https://api.github.com/users/SeleniumHQ/repos","events_url":"https://api.github.com/users/SeleniumHQ/events{/privacy}","received_events_url":"https://api.github.com/users/SeleniumHQ/received_events","type":"Organization","site_admin":false},"html_url":"https://github.com/SeleniumHQ/mobile-spec","description":null,"fork":false,"url":"https://api.github.com/repos/SeleniumHQ/mobile-spec","forks_url":"https://api.github.com/repos/SeleniumHQ/mobile-spec/forks","keys_url":"https://api.github.com/repos/SeleniumHQ/mobile-spec/keys{/key_id}","collaborators_url":"https://api.github.com/repos/SeleniumHQ/mobile-spec/collaborators{/collaborator}","teams_url":"https://api.github.com/repos/SeleniumHQ/mobile-spec/teams","hooks_url":"https://api.github.com/repos/SeleniumHQ/mobile-spec/hooks","issue_events_url":"https://api.github.com/repos/SeleniumHQ/mobile-spec/issues/events{/number}","events_url":"https://api.github.com/repos/SeleniumHQ/mobile-spec/events","assignees_url":"https://api.github.com/repos/SeleniumHQ/mobile-spec/assignees{/user}","branches_url":"https://api.github.com/repos/SeleniumHQ/mobile-spec/branches{/branch}","tags_url":"https://api.github.com/repos/SeleniumHQ/mobile-spec/tags","blobs_url":"https://api.github.com/repos/SeleniumHQ/mobile-spec/git/blobs{/sha}","git_tags_url":"https://api.github.com/repos/SeleniumHQ/mobile-spec/git/tags{/sha}","git_refs_url":"https://api.github.com/repos/SeleniumHQ/mobile-spec/git/refs{/sha}","trees_url":"https://api.github.com/repos/SeleniumHQ/mobile-spec/git/trees{/sha}","statuses_url":"https://api.github.com/repos/SeleniumHQ/mobile-spec/statuses/{sha}","languages_url":"https://api.github.com/repos/SeleniumHQ/mobile-spec/languages","stargazers_url":"https://api.github.com/repos/SeleniumHQ/mobile-spec/stargazers","contributors_url":"https://api.github.com/repos/SeleniumHQ/mobile-spec/contributors","subscribers_url":"https://api.github.com/repos/SeleniumHQ/mobile-spec/subscribers","subscription_url":"https://api.github.com/repos/SeleniumHQ/mobile-spec/subscription","commits_url":"https://api.github.com/repos/SeleniumHQ/mobile-spec/commits{/sha}","git_commits_url":"https://api.github.com/repos/SeleniumHQ/mobile-spec/git/commits{/sha}","comments_url":"https://api.github.com/repos/SeleniumHQ/mobile-spec/comments{/number}","issue_comment_url":"https://api.github.com/repos/SeleniumHQ/mobile-spec/issues/comments{/number}","contents_url":"https://api.github.com/repos/SeleniumHQ/mobile-spec/contents/{+path}","compare_url":"https://api.github.com/repos/SeleniumHQ/mobile-spec/compare/{base}...{head}","merges_url":"https://api.github.com/repos/SeleniumHQ/mobile-spec/merges","archive_url":"https://api.github.com/repos/SeleniumHQ/mobile-spec/{archive_format}{/ref}","downloads_url":"https://api.github.com/repos/SeleniumHQ/mobile-spec/downloads","issues_url":"https://api.github.com/repos/SeleniumHQ/mobile-spec/issues{/number}","pulls_url":"https://api.github.com/repos/SeleniumHQ/mobile-spec/pulls{/number}","milestones_url":"https://api.github.com/repos/SeleniumHQ/mobile-spec/milestones{/number}","notifications_url":"https://api.github.com/repos/SeleniumHQ/mobile-spec/notifications{?since,all,participating}","labels_url":"https://api.github.com/repos/SeleniumHQ/mobile-spec/labels{/name}","releases_url":"https://api.github.com/repos/SeleniumHQ/mobile-spec/releases{/id}","deployments_url":"https://api.github.com/repos/SeleniumHQ/mobile-spec/deployments","created_at":"2015-03-13T22:19:38Z","updated_at":"2022-10-19T08:55:03Z","pushed_at":"2017-08-29T19:20:46Z","git_url":"git://github.com/SeleniumHQ/mobile-spec.git","ssh_url":"git@github.com:SeleniumHQ/mobile-spec.git","clone_url":"https://github.com/SeleniumHQ/mobile-spec.git","svn_url":"https://github.com/SeleniumHQ/mobile-spec","homepage":null,"size":2341,"stargazers_count":84,"watchers_count":84,"language":"Java","has_issues":true,"has_projects":true,"has_downloads":true,"has_wiki":true,"has_pages":false,"forks_count":34,"mirror_url":null,"archived":true,"disabled":false,"open_issues_count":5,"license":null,"allow_forking":true,"is_template":false,"web_commit_signoff_required":false,"topics":[],"visibility":"public","forks":34,"open_issues":5,"watchers":84,"default_branch":"master","permissions":{"admin":false,"maintain":false,"push":false,"triage":false,"pull":true}},{"id":47982343,"node_id":"MDEwOlJlcG9zaXRvcnk0Nzk4MjM0Mw==","name":"ansible-selenium","full_name":"SeleniumHQ/ansible-selenium","private":false,"owner":{"login":"SeleniumHQ","id":983927,"node_id":"MDEyOk9yZ2FuaXphdGlvbjk4MzkyNw==","avatar_url":"https://avatars.githubusercontent.com/u/983927?v=4","gravatar_id":"","url":"https://api.github.com/users/SeleniumHQ","html_url":"https://github.com/SeleniumHQ","followers_url":"https://api.github.com/users/SeleniumHQ/followers","following_url":"https://api.github.com/users/SeleniumHQ/following{/other_user}","gists_url":"https://api.github.com/users/SeleniumHQ/gists{/gist_id}","starred_url":"https://api.github.com/users/SeleniumHQ/starred{/owner}{/repo}","subscriptions_url":"https://api.github.com/users/SeleniumHQ/subscriptions","organizations_url":"https://api.github.com/users/SeleniumHQ/orgs","repos_url":"https://api.github.com/users/SeleniumHQ/repos","events_url":"https://api.github.com/users/SeleniumHQ/events{/privacy}","received_events_url":"https://api.github.com/users/SeleniumHQ/received_events","type":"Organization","site_admin":false},"html_url":"https://github.com/SeleniumHQ/ansible-selenium","description":"Module for managing a grid / nodes using Ansible","fork":false,"url":"https://api.github.com/repos/SeleniumHQ/ansible-selenium","forks_url":"https://api.github.com/repos/SeleniumHQ/ansible-selenium/forks","keys_url":"https://api.github.com/repos/SeleniumHQ/ansible-selenium/keys{/key_id}","collaborators_url":"https://api.github.com/repos/SeleniumHQ/ansible-selenium/collaborators{/collaborator}","teams_url":"https://api.github.com/repos/SeleniumHQ/ansible-selenium/teams","hooks_url":"https://api.github.com/repos/SeleniumHQ/ansible-selenium/hooks","issue_events_url":"https://api.github.com/repos/SeleniumHQ/ansible-selenium/issues/events{/number}","events_url":"https://api.github.com/repos/SeleniumHQ/ansible-selenium/events","assignees_url":"https://api.github.com/repos/SeleniumHQ/ansible-selenium/assignees{/user}","branches_url":"https://api.github.com/repos/SeleniumHQ/ansible-selenium/branches{/branch}","tags_url":"https://api.github.com/repos/SeleniumHQ/ansible-selenium/tags","blobs_url":"https://api.github.com/repos/SeleniumHQ/ansible-selenium/git/blobs{/sha}","git_tags_url":"https://api.github.com/repos/SeleniumHQ/ansible-selenium/git/tags{/sha}","git_refs_url":"https://api.github.com/repos/SeleniumHQ/ansible-selenium/git/refs{/sha}","trees_url":"https://api.github.com/repos/SeleniumHQ/ansible-selenium/git/trees{/sha}","statuses_url":"https://api.github.com/repos/SeleniumHQ/ansible-selenium/statuses/{sha}","languages_url":"https://api.github.com/repos/SeleniumHQ/ansible-selenium/languages","stargazers_url":"https://api.github.com/repos/SeleniumHQ/ansible-selenium/stargazers","contributors_url":"https://api.github.com/repos/SeleniumHQ/ansible-selenium/contributors","subscribers_url":"https://api.github.com/repos/SeleniumHQ/ansible-selenium/subscribers","subscription_url":"https://api.github.com/repos/SeleniumHQ/ansible-selenium/subscription","commits_url":"https://api.github.com/repos/SeleniumHQ/ansible-selenium/commits{/sha}","git_commits_url":"https://api.github.com/repos/SeleniumHQ/ansible-selenium/git/commits{/sha}","comments_url":"https://api.github.com/repos/SeleniumHQ/ansible-selenium/comments{/number}","issue_comment_url":"https://api.github.com/repos/SeleniumHQ/ansible-selenium/issues/comments{/number}","contents_url":"https://api.github.com/repos/SeleniumHQ/ansible-selenium/contents/{+path}","compare_url":"https://api.github.com/repos/SeleniumHQ/ansible-selenium/compare/{base}...{head}","merges_url":"https://api.github.com/repos/SeleniumHQ/ansible-selenium/merges","archive_url":"https://api.github.com/repos/SeleniumHQ/ansible-selenium/{archive_format}{/ref}","downloads_url":"https://api.github.com/repos/SeleniumHQ/ansible-selenium/downloads","issues_url":"https://api.github.com/repos/SeleniumHQ/ansible-selenium/issues{/number}","pulls_url":"https://api.github.com/repos/SeleniumHQ/ansible-selenium/pulls{/number}","milestones_url":"https://api.github.com/repos/SeleniumHQ/ansible-selenium/milestones{/number}","notifications_url":"https://api.github.com/repos/SeleniumHQ/ansible-selenium/notifications{?since,all,participating}","labels_url":"https://api.github.com/repos/SeleniumHQ/ansible-selenium/labels{/name}","releases_url":"https://api.github.com/repos/SeleniumHQ/ansible-selenium/releases{/id}","deployments_url":"https://api.github.com/repos/SeleniumHQ/ansible-selenium/deployments","created_at":"2015-12-14T15:09:39Z","updated_at":"2022-05-11T14:40:18Z","pushed_at":"2019-11-19T20:21:31Z","git_url":"git://github.com/SeleniumHQ/ansible-selenium.git","ssh_url":"git@github.com:SeleniumHQ/ansible-selenium.git","clone_url":"https://github.com/SeleniumHQ/ansible-selenium.git","svn_url":"https://github.com/SeleniumHQ/ansible-selenium","homepage":"https://galaxy.ansible.com/SeleniumHQ/selenium/","size":37,"stargazers_count":66,"watchers_count":66,"language":"Python","has_issues":true,"has_projects":true,"has_downloads":true,"has_wiki":true,"has_pages":false,"forks_count":40,"mirror_url":null,"archived":false,"disabled":false,"open_issues_count":1,"license":{"key":"apache-2.0","name":"Apache License 2.0","spdx_id":"Apache-2.0","url":"https://api.github.com/licenses/apache-2.0","node_id":"MDc6TGljZW5zZTI="},"allow_forking":true,"is_template":false,"web_commit_signoff_required":false,"topics":[],"visibility":"public","forks":40,"open_issues":1,"watchers":66,"default_branch":"master","permissions":{"admin":false,"maintain":false,"push":false,"triage":false,"pull":true}},{"id":51905729,"node_id":"MDEwOlJlcG9zaXRvcnk1MTkwNTcyOQ==","name":"htmlunit-driver","full_name":"SeleniumHQ/htmlunit-driver","private":false,"owner":{"login":"SeleniumHQ","id":983927,"node_id":"MDEyOk9yZ2FuaXphdGlvbjk4MzkyNw==","avatar_url":"https://avatars.githubusercontent.com/u/983927?v=4","gravatar_id":"","url":"https://api.github.com/users/SeleniumHQ","html_url":"https://github.com/SeleniumHQ","followers_url":"https://api.github.com/users/SeleniumHQ/followers","following_url":"https://api.github.com/users/SeleniumHQ/following{/other_user}","gists_url":"https://api.github.com/users/SeleniumHQ/gists{/gist_id}","starred_url":"https://api.github.com/users/SeleniumHQ/starred{/owner}{/repo}","subscriptions_url":"https://api.github.com/users/SeleniumHQ/subscriptions","organizations_url":"https://api.github.com/users/SeleniumHQ/orgs","repos_url":"https://api.github.com/users/SeleniumHQ/repos","events_url":"https://api.github.com/users/SeleniumHQ/events{/privacy}","received_events_url":"https://api.github.com/users/SeleniumHQ/received_events","type":"Organization","site_admin":false},"html_url":"https://github.com/SeleniumHQ/htmlunit-driver","description":"WebDriver compatible driver for HtmlUnit headless browser.","fork":false,"url":"https://api.github.com/repos/SeleniumHQ/htmlunit-driver","forks_url":"https://api.github.com/repos/SeleniumHQ/htmlunit-driver/forks","keys_url":"https://api.github.com/repos/SeleniumHQ/htmlunit-driver/keys{/key_id}","collaborators_url":"https://api.github.com/repos/SeleniumHQ/htmlunit-driver/collaborators{/collaborator}","teams_url":"https://api.github.com/repos/SeleniumHQ/htmlunit-driver/teams","hooks_url":"https://api.github.com/repos/SeleniumHQ/htmlunit-driver/hooks","issue_events_url":"https://api.github.com/repos/SeleniumHQ/htmlunit-driver/issues/events{/number}","events_url":"https://api.github.com/repos/SeleniumHQ/htmlunit-driver/events","assignees_url":"https://api.github.com/repos/SeleniumHQ/htmlunit-driver/assignees{/user}","branches_url":"https://api.github.com/repos/SeleniumHQ/htmlunit-driver/branches{/branch}","tags_url":"https://api.github.com/repos/SeleniumHQ/htmlunit-driver/tags","blobs_url":"https://api.github.com/repos/SeleniumHQ/htmlunit-driver/git/blobs{/sha}","git_tags_url":"https://api.github.com/repos/SeleniumHQ/htmlunit-driver/git/tags{/sha}","git_refs_url":"https://api.github.com/repos/SeleniumHQ/htmlunit-driver/git/refs{/sha}","trees_url":"https://api.github.com/repos/SeleniumHQ/htmlunit-driver/git/trees{/sha}","statuses_url":"https://api.github.com/repos/SeleniumHQ/htmlunit-driver/statuses/{sha}","languages_url":"https://api.github.com/repos/SeleniumHQ/htmlunit-driver/languages","stargazers_url":"https://api.github.com/repos/SeleniumHQ/htmlunit-driver/stargazers","contributors_url":"https://api.github.com/repos/SeleniumHQ/htmlunit-driver/contributors","subscribers_url":"https://api.github.com/repos/SeleniumHQ/htmlunit-driver/subscribers","subscription_url":"https://api.github.com/repos/SeleniumHQ/htmlunit-driver/subscription","commits_url":"https://api.github.com/repos/SeleniumHQ/htmlunit-driver/commits{/sha}","git_commits_url":"https://api.github.com/repos/SeleniumHQ/htmlunit-driver/git/commits{/sha}","comments_url":"https://api.github.com/repos/SeleniumHQ/htmlunit-driver/comments{/number}","issue_comment_url":"https://api.github.com/repos/SeleniumHQ/htmlunit-driver/issues/comments{/number}","contents_url":"https://api.github.com/repos/SeleniumHQ/htmlunit-driver/contents/{+path}","compare_url":"https://api.github.com/repos/SeleniumHQ/htmlunit-driver/compare/{base}...{head}","merges_url":"https://api.github.com/repos/SeleniumHQ/htmlunit-driver/merges","archive_url":"https://api.github.com/repos/SeleniumHQ/htmlunit-driver/{archive_format}{/ref}","downloads_url":"https://api.github.com/repos/SeleniumHQ/htmlunit-driver/downloads","issues_url":"https://api.github.com/repos/SeleniumHQ/htmlunit-driver/issues{/number}","pulls_url":"https://api.github.com/repos/SeleniumHQ/htmlunit-driver/pulls{/number}","milestones_url":"https://api.github.com/repos/SeleniumHQ/htmlunit-driver/milestones{/number}","notifications_url":"https://api.github.com/repos/SeleniumHQ/htmlunit-driver/notifications{?since,all,participating}","labels_url":"https://api.github.com/repos/SeleniumHQ/htmlunit-driver/labels{/name}","releases_url":"https://api.github.com/repos/SeleniumHQ/htmlunit-driver/releases{/id}","deployments_url":"https://api.github.com/repos/SeleniumHQ/htmlunit-driver/deployments","created_at":"2016-02-17T08:07:17Z","updated_at":"2022-09-21T01:51:17Z","pushed_at":"2022-10-22T17:33:42Z","git_url":"git://github.com/SeleniumHQ/htmlunit-driver.git","ssh_url":"git@github.com:SeleniumHQ/htmlunit-driver.git","clone_url":"https://github.com/SeleniumHQ/htmlunit-driver.git","svn_url":"https://github.com/SeleniumHQ/htmlunit-driver","homepage":null,"size":6590,"stargazers_count":201,"watchers_count":201,"language":"Java","has_issues":true,"has_projects":true,"has_downloads":true,"has_wiki":true,"has_pages":true,"forks_count":82,"mirror_url":null,"archived":false,"disabled":false,"open_issues_count":13,"license":{"key":"apache-2.0","name":"Apache License 2.0","spdx_id":"Apache-2.0","url":"https://api.github.com/licenses/apache-2.0","node_id":"MDc6TGljZW5zZTI="},"allow_forking":true,"is_template":false,"web_commit_signoff_required":false,"topics":[],"visibility":"public","forks":82,"open_issues":13,"watchers":201,"default_branch":"master","permissions":{"admin":false,"maintain":false,"push":false,"triage":false,"pull":true}},{"id":52992156,"node_id":"MDEwOlJlcG9zaXRvcnk1Mjk5MjE1Ng==","name":"selenium-google-code-issue-archive","full_name":"SeleniumHQ/selenium-google-code-issue-archive","private":false,"owner":{"login":"SeleniumHQ","id":983927,"node_id":"MDEyOk9yZ2FuaXphdGlvbjk4MzkyNw==","avatar_url":"https://avatars.githubusercontent.com/u/983927?v=4","gravatar_id":"","url":"https://api.github.com/users/SeleniumHQ","html_url":"https://github.com/SeleniumHQ","followers_url":"https://api.github.com/users/SeleniumHQ/followers","following_url":"https://api.github.com/users/SeleniumHQ/following{/other_user}","gists_url":"https://api.github.com/users/SeleniumHQ/gists{/gist_id}","starred_url":"https://api.github.com/users/SeleniumHQ/starred{/owner}{/repo}","subscriptions_url":"https://api.github.com/users/SeleniumHQ/subscriptions","organizations_url":"https://api.github.com/users/SeleniumHQ/orgs","repos_url":"https://api.github.com/users/SeleniumHQ/repos","events_url":"https://api.github.com/users/SeleniumHQ/events{/privacy}","received_events_url":"https://api.github.com/users/SeleniumHQ/received_events","type":"Organization","site_admin":false},"html_url":"https://github.com/SeleniumHQ/selenium-google-code-issue-archive","description":"Archive, please see main selenium repo","fork":false,"url":"https://api.github.com/repos/SeleniumHQ/selenium-google-code-issue-archive","forks_url":"https://api.github.com/repos/SeleniumHQ/selenium-google-code-issue-archive/forks","keys_url":"https://api.github.com/repos/SeleniumHQ/selenium-google-code-issue-archive/keys{/key_id}","collaborators_url":"https://api.github.com/repos/SeleniumHQ/selenium-google-code-issue-archive/collaborators{/collaborator}","teams_url":"https://api.github.com/repos/SeleniumHQ/selenium-google-code-issue-archive/teams","hooks_url":"https://api.github.com/repos/SeleniumHQ/selenium-google-code-issue-archive/hooks","issue_events_url":"https://api.github.com/repos/SeleniumHQ/selenium-google-code-issue-archive/issues/events{/number}","events_url":"https://api.github.com/repos/SeleniumHQ/selenium-google-code-issue-archive/events","assignees_url":"https://api.github.com/repos/SeleniumHQ/selenium-google-code-issue-archive/assignees{/user}","branches_url":"https://api.github.com/repos/SeleniumHQ/selenium-google-code-issue-archive/branches{/branch}","tags_url":"https://api.github.com/repos/SeleniumHQ/selenium-google-code-issue-archive/tags","blobs_url":"https://api.github.com/repos/SeleniumHQ/selenium-google-code-issue-archive/git/blobs{/sha}","git_tags_url":"https://api.github.com/repos/SeleniumHQ/selenium-google-code-issue-archive/git/tags{/sha}","git_refs_url":"https://api.github.com/repos/SeleniumHQ/selenium-google-code-issue-archive/git/refs{/sha}","trees_url":"https://api.github.com/repos/SeleniumHQ/selenium-google-code-issue-archive/git/trees{/sha}","statuses_url":"https://api.github.com/repos/SeleniumHQ/selenium-google-code-issue-archive/statuses/{sha}","languages_url":"https://api.github.com/repos/SeleniumHQ/selenium-google-code-issue-archive/languages","stargazers_url":"https://api.github.com/repos/SeleniumHQ/selenium-google-code-issue-archive/stargazers","contributors_url":"https://api.github.com/repos/SeleniumHQ/selenium-google-code-issue-archive/contributors","subscribers_url":"https://api.github.com/repos/SeleniumHQ/selenium-google-code-issue-archive/subscribers","subscription_url":"https://api.github.com/repos/SeleniumHQ/selenium-google-code-issue-archive/subscription","commits_url":"https://api.github.com/repos/SeleniumHQ/selenium-google-code-issue-archive/commits{/sha}","git_commits_url":"https://api.github.com/repos/SeleniumHQ/selenium-google-code-issue-archive/git/commits{/sha}","comments_url":"https://api.github.com/repos/SeleniumHQ/selenium-google-code-issue-archive/comments{/number}","issue_comment_url":"https://api.github.com/repos/SeleniumHQ/selenium-google-code-issue-archive/issues/comments{/number}","contents_url":"https://api.github.com/repos/SeleniumHQ/selenium-google-code-issue-archive/contents/{+path}","compare_url":"https://api.github.com/repos/SeleniumHQ/selenium-google-code-issue-archive/compare/{base}...{head}","merges_url":"https://api.github.com/repos/SeleniumHQ/selenium-google-code-issue-archive/merges","archive_url":"https://api.github.com/repos/SeleniumHQ/selenium-google-code-issue-archive/{archive_format}{/ref}","downloads_url":"https://api.github.com/repos/SeleniumHQ/selenium-google-code-issue-archive/downloads","issues_url":"https://api.github.com/repos/SeleniumHQ/selenium-google-code-issue-archive/issues{/number}","pulls_url":"https://api.github.com/repos/SeleniumHQ/selenium-google-code-issue-archive/pulls{/number}","milestones_url":"https://api.github.com/repos/SeleniumHQ/selenium-google-code-issue-archive/milestones{/number}","notifications_url":"https://api.github.com/repos/SeleniumHQ/selenium-google-code-issue-archive/notifications{?since,all,participating}","labels_url":"https://api.github.com/repos/SeleniumHQ/selenium-google-code-issue-archive/labels{/name}","releases_url":"https://api.github.com/repos/SeleniumHQ/selenium-google-code-issue-archive/releases{/id}","deployments_url":"https://api.github.com/repos/SeleniumHQ/selenium-google-code-issue-archive/deployments","created_at":"2016-03-02T19:58:23Z","updated_at":"2022-10-15T01:41:05Z","pushed_at":"2016-09-12T15:15:28Z","git_url":"git://github.com/SeleniumHQ/selenium-google-code-issue-archive.git","ssh_url":"git@github.com:SeleniumHQ/selenium-google-code-issue-archive.git","clone_url":"https://github.com/SeleniumHQ/selenium-google-code-issue-archive.git","svn_url":"https://github.com/SeleniumHQ/selenium-google-code-issue-archive","homepage":"https://github.com/seleniumhq/selenium","size":2,"stargazers_count":343,"watchers_count":343,"language":null,"has_issues":true,"has_projects":true,"has_downloads":true,"has_wiki":false,"has_pages":false,"forks_count":208,"mirror_url":null,"archived":true,"disabled":false,"open_issues_count":595,"license":null,"allow_forking":true,"is_template":false,"web_commit_signoff_required":false,"topics":[],"visibility":"public","forks":208,"open_issues":595,"watchers":343,"default_branch":"master","permissions":{"admin":false,"maintain":false,"push":false,"triage":false,"pull":true}},{"id":54105775,"node_id":"MDEwOlJlcG9zaXRvcnk1NDEwNTc3NQ==","name":"buck","full_name":"SeleniumHQ/buck","private":false,"owner":{"login":"SeleniumHQ","id":983927,"node_id":"MDEyOk9yZ2FuaXphdGlvbjk4MzkyNw==","avatar_url":"https://avatars.githubusercontent.com/u/983927?v=4","gravatar_id":"","url":"https://api.github.com/users/SeleniumHQ","html_url":"https://github.com/SeleniumHQ","followers_url":"https://api.github.com/users/SeleniumHQ/followers","following_url":"https://api.github.com/users/SeleniumHQ/following{/other_user}","gists_url":"https://api.github.com/users/SeleniumHQ/gists{/gist_id}","starred_url":"https://api.github.com/users/SeleniumHQ/starred{/owner}{/repo}","subscriptions_url":"https://api.github.com/users/SeleniumHQ/subscriptions","organizations_url":"https://api.github.com/users/SeleniumHQ/orgs","repos_url":"https://api.github.com/users/SeleniumHQ/repos","events_url":"https://api.github.com/users/SeleniumHQ/events{/privacy}","received_events_url":"https://api.github.com/users/SeleniumHQ/received_events","type":"Organization","site_admin":false},"html_url":"https://github.com/SeleniumHQ/buck","description":"Buck: An Android (and Java!) build tool","fork":true,"url":"https://api.github.com/repos/SeleniumHQ/buck","forks_url":"https://api.github.com/repos/SeleniumHQ/buck/forks","keys_url":"https://api.github.com/repos/SeleniumHQ/buck/keys{/key_id}","collaborators_url":"https://api.github.com/repos/SeleniumHQ/buck/collaborators{/collaborator}","teams_url":"https://api.github.com/repos/SeleniumHQ/buck/teams","hooks_url":"https://api.github.com/repos/SeleniumHQ/buck/hooks","issue_events_url":"https://api.github.com/repos/SeleniumHQ/buck/issues/events{/number}","events_url":"https://api.github.com/repos/SeleniumHQ/buck/events","assignees_url":"https://api.github.com/repos/SeleniumHQ/buck/assignees{/user}","branches_url":"https://api.github.com/repos/SeleniumHQ/buck/branches{/branch}","tags_url":"https://api.github.com/repos/SeleniumHQ/buck/tags","blobs_url":"https://api.github.com/repos/SeleniumHQ/buck/git/blobs{/sha}","git_tags_url":"https://api.github.com/repos/SeleniumHQ/buck/git/tags{/sha}","git_refs_url":"https://api.github.com/repos/SeleniumHQ/buck/git/refs{/sha}","trees_url":"https://api.github.com/repos/SeleniumHQ/buck/git/trees{/sha}","statuses_url":"https://api.github.com/repos/SeleniumHQ/buck/statuses/{sha}","languages_url":"https://api.github.com/repos/SeleniumHQ/buck/languages","stargazers_url":"https://api.github.com/repos/SeleniumHQ/buck/stargazers","contributors_url":"https://api.github.com/repos/SeleniumHQ/buck/contributors","subscribers_url":"https://api.github.com/repos/SeleniumHQ/buck/subscribers","subscription_url":"https://api.github.com/repos/SeleniumHQ/buck/subscription","commits_url":"https://api.github.com/repos/SeleniumHQ/buck/commits{/sha}","git_commits_url":"https://api.github.com/repos/SeleniumHQ/buck/git/commits{/sha}","comments_url":"https://api.github.com/repos/SeleniumHQ/buck/comments{/number}","issue_comment_url":"https://api.github.com/repos/SeleniumHQ/buck/issues/comments{/number}","contents_url":"https://api.github.com/repos/SeleniumHQ/buck/contents/{+path}","compare_url":"https://api.github.com/repos/SeleniumHQ/buck/compare/{base}...{head}","merges_url":"https://api.github.com/repos/SeleniumHQ/buck/merges","archive_url":"https://api.github.com/repos/SeleniumHQ/buck/{archive_format}{/ref}","downloads_url":"https://api.github.com/repos/SeleniumHQ/buck/downloads","issues_url":"https://api.github.com/repos/SeleniumHQ/buck/issues{/number}","pulls_url":"https://api.github.com/repos/SeleniumHQ/buck/pulls{/number}","milestones_url":"https://api.github.com/repos/SeleniumHQ/buck/milestones{/number}","notifications_url":"https://api.github.com/repos/SeleniumHQ/buck/notifications{?since,all,participating}","labels_url":"https://api.github.com/repos/SeleniumHQ/buck/labels{/name}","releases_url":"https://api.github.com/repos/SeleniumHQ/buck/releases{/id}","deployments_url":"https://api.github.com/repos/SeleniumHQ/buck/deployments","created_at":"2016-03-17T09:34:12Z","updated_at":"2022-05-11T14:40:42Z","pushed_at":"2019-03-25T14:28:05Z","git_url":"git://github.com/SeleniumHQ/buck.git","ssh_url":"git@github.com:SeleniumHQ/buck.git","clone_url":"https://github.com/SeleniumHQ/buck.git","svn_url":"https://github.com/SeleniumHQ/buck","homepage":"http://facebook.github.io/buck/","size":1039358,"stargazers_count":16,"watchers_count":16,"language":"Java","has_issues":false,"has_projects":true,"has_downloads":true,"has_wiki":false,"has_pages":false,"forks_count":18,"mirror_url":null,"archived":true,"disabled":false,"open_issues_count":0,"license":{"key":"apache-2.0","name":"Apache License 2.0","spdx_id":"Apache-2.0","url":"https://api.github.com/licenses/apache-2.0","node_id":"MDc6TGljZW5zZTI="},"allow_forking":true,"is_template":false,"web_commit_signoff_required":false,"topics":[],"visibility":"public","forks":18,"open_issues":0,"watchers":16,"default_branch":"master","permissions":{"admin":false,"maintain":false,"push":false,"triage":false,"pull":true}},{"id":62836673,"node_id":"MDEwOlJlcG9zaXRvcnk2MjgzNjY3Mw==","name":"selenium-maven-release-test","full_name":"SeleniumHQ/selenium-maven-release-test","private":false,"owner":{"login":"SeleniumHQ","id":983927,"node_id":"MDEyOk9yZ2FuaXphdGlvbjk4MzkyNw==","avatar_url":"https://avatars.githubusercontent.com/u/983927?v=4","gravatar_id":"","url":"https://api.github.com/users/SeleniumHQ","html_url":"https://github.com/SeleniumHQ","followers_url":"https://api.github.com/users/SeleniumHQ/followers","following_url":"https://api.github.com/users/SeleniumHQ/following{/other_user}","gists_url":"https://api.github.com/users/SeleniumHQ/gists{/gist_id}","starred_url":"https://api.github.com/users/SeleniumHQ/starred{/owner}{/repo}","subscriptions_url":"https://api.github.com/users/SeleniumHQ/subscriptions","organizations_url":"https://api.github.com/users/SeleniumHQ/orgs","repos_url":"https://api.github.com/users/SeleniumHQ/repos","events_url":"https://api.github.com/users/SeleniumHQ/events{/privacy}","received_events_url":"https://api.github.com/users/SeleniumHQ/received_events","type":"Organization","site_admin":false},"html_url":"https://github.com/SeleniumHQ/selenium-maven-release-test","description":null,"fork":false,"url":"https://api.github.com/repos/SeleniumHQ/selenium-maven-release-test","forks_url":"https://api.github.com/repos/SeleniumHQ/selenium-maven-release-test/forks","keys_url":"https://api.github.com/repos/SeleniumHQ/selenium-maven-release-test/keys{/key_id}","collaborators_url":"https://api.github.com/repos/SeleniumHQ/selenium-maven-release-test/collaborators{/collaborator}","teams_url":"https://api.github.com/repos/SeleniumHQ/selenium-maven-release-test/teams","hooks_url":"https://api.github.com/repos/SeleniumHQ/selenium-maven-release-test/hooks","issue_events_url":"https://api.github.com/repos/SeleniumHQ/selenium-maven-release-test/issues/events{/number}","events_url":"https://api.github.com/repos/SeleniumHQ/selenium-maven-release-test/events","assignees_url":"https://api.github.com/repos/SeleniumHQ/selenium-maven-release-test/assignees{/user}","branches_url":"https://api.github.com/repos/SeleniumHQ/selenium-maven-release-test/branches{/branch}","tags_url":"https://api.github.com/repos/SeleniumHQ/selenium-maven-release-test/tags","blobs_url":"https://api.github.com/repos/SeleniumHQ/selenium-maven-release-test/git/blobs{/sha}","git_tags_url":"https://api.github.com/repos/SeleniumHQ/selenium-maven-release-test/git/tags{/sha}","git_refs_url":"https://api.github.com/repos/SeleniumHQ/selenium-maven-release-test/git/refs{/sha}","trees_url":"https://api.github.com/repos/SeleniumHQ/selenium-maven-release-test/git/trees{/sha}","statuses_url":"https://api.github.com/repos/SeleniumHQ/selenium-maven-release-test/statuses/{sha}","languages_url":"https://api.github.com/repos/SeleniumHQ/selenium-maven-release-test/languages","stargazers_url":"https://api.github.com/repos/SeleniumHQ/selenium-maven-release-test/stargazers","contributors_url":"https://api.github.com/repos/SeleniumHQ/selenium-maven-release-test/contributors","subscribers_url":"https://api.github.com/repos/SeleniumHQ/selenium-maven-release-test/subscribers","subscription_url":"https://api.github.com/repos/SeleniumHQ/selenium-maven-release-test/subscription","commits_url":"https://api.github.com/repos/SeleniumHQ/selenium-maven-release-test/commits{/sha}","git_commits_url":"https://api.github.com/repos/SeleniumHQ/selenium-maven-release-test/git/commits{/sha}","comments_url":"https://api.github.com/repos/SeleniumHQ/selenium-maven-release-test/comments{/number}","issue_comment_url":"https://api.github.com/repos/SeleniumHQ/selenium-maven-release-test/issues/comments{/number}","contents_url":"https://api.github.com/repos/SeleniumHQ/selenium-maven-release-test/contents/{+path}","compare_url":"https://api.github.com/repos/SeleniumHQ/selenium-maven-release-test/compare/{base}...{head}","merges_url":"https://api.github.com/repos/SeleniumHQ/selenium-maven-release-test/merges","archive_url":"https://api.github.com/repos/SeleniumHQ/selenium-maven-release-test/{archive_format}{/ref}","downloads_url":"https://api.github.com/repos/SeleniumHQ/selenium-maven-release-test/downloads","issues_url":"https://api.github.com/repos/SeleniumHQ/selenium-maven-release-test/issues{/number}","pulls_url":"https://api.github.com/repos/SeleniumHQ/selenium-maven-release-test/pulls{/number}","milestones_url":"https://api.github.com/repos/SeleniumHQ/selenium-maven-release-test/milestones{/number}","notifications_url":"https://api.github.com/repos/SeleniumHQ/selenium-maven-release-test/notifications{?since,all,participating}","labels_url":"https://api.github.com/repos/SeleniumHQ/selenium-maven-release-test/labels{/name}","releases_url":"https://api.github.com/repos/SeleniumHQ/selenium-maven-release-test/releases{/id}","deployments_url":"https://api.github.com/repos/SeleniumHQ/selenium-maven-release-test/deployments","created_at":"2016-07-07T20:38:12Z","updated_at":"2022-05-11T14:41:25Z","pushed_at":"2017-02-22T18:00:03Z","git_url":"git://github.com/SeleniumHQ/selenium-maven-release-test.git","ssh_url":"git@github.com:SeleniumHQ/selenium-maven-release-test.git","clone_url":"https://github.com/SeleniumHQ/selenium-maven-release-test.git","svn_url":"https://github.com/SeleniumHQ/selenium-maven-release-test","homepage":null,"size":23,"stargazers_count":4,"watchers_count":4,"language":"Java","has_issues":true,"has_projects":true,"has_downloads":true,"has_wiki":true,"has_pages":false,"forks_count":9,"mirror_url":null,"archived":true,"disabled":false,"open_issues_count":0,"license":null,"allow_forking":true,"is_template":false,"web_commit_signoff_required":false,"topics":[],"visibility":"public","forks":9,"open_issues":0,"watchers":4,"default_branch":"master","permissions":{"admin":false,"maintain":false,"push":false,"triage":false,"pull":true}},{"id":99685903,"node_id":"MDEwOlJlcG9zaXRvcnk5OTY4NTkwMw==","name":"selenium-ide","full_name":"SeleniumHQ/selenium-ide","private":false,"owner":{"login":"SeleniumHQ","id":983927,"node_id":"MDEyOk9yZ2FuaXphdGlvbjk4MzkyNw==","avatar_url":"https://avatars.githubusercontent.com/u/983927?v=4","gravatar_id":"","url":"https://api.github.com/users/SeleniumHQ","html_url":"https://github.com/SeleniumHQ","followers_url":"https://api.github.com/users/SeleniumHQ/followers","following_url":"https://api.github.com/users/SeleniumHQ/following{/other_user}","gists_url":"https://api.github.com/users/SeleniumHQ/gists{/gist_id}","starred_url":"https://api.github.com/users/SeleniumHQ/starred{/owner}{/repo}","subscriptions_url":"https://api.github.com/users/SeleniumHQ/subscriptions","organizations_url":"https://api.github.com/users/SeleniumHQ/orgs","repos_url":"https://api.github.com/users/SeleniumHQ/repos","events_url":"https://api.github.com/users/SeleniumHQ/events{/privacy}","received_events_url":"https://api.github.com/users/SeleniumHQ/received_events","type":"Organization","site_admin":false},"html_url":"https://github.com/SeleniumHQ/selenium-ide","description":"Open Source record and playback test automation for the web.","fork":false,"url":"https://api.github.com/repos/SeleniumHQ/selenium-ide","forks_url":"https://api.github.com/repos/SeleniumHQ/selenium-ide/forks","keys_url":"https://api.github.com/repos/SeleniumHQ/selenium-ide/keys{/key_id}","collaborators_url":"https://api.github.com/repos/SeleniumHQ/selenium-ide/collaborators{/collaborator}","teams_url":"https://api.github.com/repos/SeleniumHQ/selenium-ide/teams","hooks_url":"https://api.github.com/repos/SeleniumHQ/selenium-ide/hooks","issue_events_url":"https://api.github.com/repos/SeleniumHQ/selenium-ide/issues/events{/number}","events_url":"https://api.github.com/repos/SeleniumHQ/selenium-ide/events","assignees_url":"https://api.github.com/repos/SeleniumHQ/selenium-ide/assignees{/user}","branches_url":"https://api.github.com/repos/SeleniumHQ/selenium-ide/branches{/branch}","tags_url":"https://api.github.com/repos/SeleniumHQ/selenium-ide/tags","blobs_url":"https://api.github.com/repos/SeleniumHQ/selenium-ide/git/blobs{/sha}","git_tags_url":"https://api.github.com/repos/SeleniumHQ/selenium-ide/git/tags{/sha}","git_refs_url":"https://api.github.com/repos/SeleniumHQ/selenium-ide/git/refs{/sha}","trees_url":"https://api.github.com/repos/SeleniumHQ/selenium-ide/git/trees{/sha}","statuses_url":"https://api.github.com/repos/SeleniumHQ/selenium-ide/statuses/{sha}","languages_url":"https://api.github.com/repos/SeleniumHQ/selenium-ide/languages","stargazers_url":"https://api.github.com/repos/SeleniumHQ/selenium-ide/stargazers","contributors_url":"https://api.github.com/repos/SeleniumHQ/selenium-ide/contributors","subscribers_url":"https://api.github.com/repos/SeleniumHQ/selenium-ide/subscribers","subscription_url":"https://api.github.com/repos/SeleniumHQ/selenium-ide/subscription","commits_url":"https://api.github.com/repos/SeleniumHQ/selenium-ide/commits{/sha}","git_commits_url":"https://api.github.com/repos/SeleniumHQ/selenium-ide/git/commits{/sha}","comments_url":"https://api.github.com/repos/SeleniumHQ/selenium-ide/comments{/number}","issue_comment_url":"https://api.github.com/repos/SeleniumHQ/selenium-ide/issues/comments{/number}","contents_url":"https://api.github.com/repos/SeleniumHQ/selenium-ide/contents/{+path}","compare_url":"https://api.github.com/repos/SeleniumHQ/selenium-ide/compare/{base}...{head}","merges_url":"https://api.github.com/repos/SeleniumHQ/selenium-ide/merges","archive_url":"https://api.github.com/repos/SeleniumHQ/selenium-ide/{archive_format}{/ref}","downloads_url":"https://api.github.com/repos/SeleniumHQ/selenium-ide/downloads","issues_url":"https://api.github.com/repos/SeleniumHQ/selenium-ide/issues{/number}","pulls_url":"https://api.github.com/repos/SeleniumHQ/selenium-ide/pulls{/number}","milestones_url":"https://api.github.com/repos/SeleniumHQ/selenium-ide/milestones{/number}","notifications_url":"https://api.github.com/repos/SeleniumHQ/selenium-ide/notifications{?since,all,participating}","labels_url":"https://api.github.com/repos/SeleniumHQ/selenium-ide/labels{/name}","releases_url":"https://api.github.com/repos/SeleniumHQ/selenium-ide/releases{/id}","deployments_url":"https://api.github.com/repos/SeleniumHQ/selenium-ide/deployments","created_at":"2017-08-08T11:37:00Z","updated_at":"2022-10-21T08:24:47Z","pushed_at":"2022-10-18T18:00:47Z","git_url":"git://github.com/SeleniumHQ/selenium-ide.git","ssh_url":"git@github.com:SeleniumHQ/selenium-ide.git","clone_url":"https://github.com/SeleniumHQ/selenium-ide.git","svn_url":"https://github.com/SeleniumHQ/selenium-ide","homepage":"https://selenium.dev/selenium-ide/","size":32002,"stargazers_count":2171,"watchers_count":2171,"language":"TypeScript","has_issues":true,"has_projec
[...]
<kw name="Set Variable" library="BuiltIn">
<var>${watchersCount}</var>
<arg>${json['watchers']}</arg>
<doc>Returns the given values which can then be assigned to a variables.</doc>
<msg timestamp="20221023 14:57:03.143" level="DEBUG">Test timeout 2 minutes active. 118.863 seconds left.</msg>
<msg timestamp="20221023 14:57:03.143" level="INFO">${watchersCount} = 4</msg>
<status status="PASS" starttime="20221023 14:57:03.143" endtime="20221023 14:57:03.143"/>
</kw>
<kw name="Set Variable" library="BuiltIn">
<var>${currentRepoName}</var>
<arg>${json['name']}</arg>
<doc>Returns the given values which can then be assigned to a variables.</doc>
<msg timestamp="20221023 14:57:03.143" level="DEBUG">Test timeout 2 minutes active. 118.863 seconds left.</msg>
<msg timestamp="20221023 14:57:03.143" level="INFO">${currentRepoName} = selenium-maven-release-test</msg>
<status status="PASS" starttime="20221023 14:57:03.143" endtime="20221023 14:57:03.143"/>
</kw>
<kw name="Evaluate" library="BuiltIn">
<var>${check}</var>
<arg>int(${maxWatcherCount}) &lt; int(${watchersCount})</arg>
<doc>Evaluates the given expression in Python and returns the result.</doc>
<msg timestamp="20221023 14:57:03.144" level="DEBUG">Test timeout 2 minutes active. 118.862 seconds left.</msg>
<msg timestamp="20221023 14:57:03.144" level="INFO">${check} = False</msg>
<status status="PASS" starttime="20221023 14:57:03.143" endtime="20221023 14:57:03.144"/>
</kw>
<kw name="Set Variable If" library="BuiltIn">
<var>${maxWatcherCount}</var>
<arg>${check}==${True}</arg>
<arg>${watchersCount}</arg>
<arg>${maxWatcherCount}</arg>
<doc>Sets variable based on the given condition.</doc>
<msg timestamp="20221023 14:57:03.144" level="INFO">${maxWatcherCount} = 24930</msg>
<status status="PASS" starttime="20221023 14:57:03.144" endtime="20221023 14:57:03.144"/>
</kw>
<kw name="Set Variable If" library="BuiltIn">
<var>${repoName}</var>
<arg>${check}==${True}</arg>
<arg>${currentRepoName}</arg>
<arg>${repoName}</arg>
<doc>Sets variable based on the given condition.</doc>
<msg timestamp="20221023 14:57:03.144" level="INFO">${repoName} = selenium</msg>
<status status="PASS" starttime="20221023 14:57:03.144" endtime="20221023 14:57:03.144"/>
</kw>
<status status="PASS" starttime="20221023 14:57:03.143" endtime="20221023 14:57:03.144"/>
</iter>
<iter>
<var name="${json}">{'id': 99685903, 'node_id': 'MDEwOlJlcG9zaXRvcnk5OTY4NTkwMw==', 'name': 'selenium-ide', 'full_name': 'SeleniumHQ/selenium-ide', 'private': False, 'owner': {'login': 'SeleniumHQ', 'id': 983927, 'node_i...</var>
<kw name="Set Variable" library="BuiltIn">
<var>${watchersCount}</var>
<arg>${json['watchers']}</arg>
<doc>Returns the given values which can then be assigned to a variables.</doc>
<msg timestamp="20221023 14:57:03.144" level="DEBUG">Test timeout 2 minutes active. 118.862 seconds left.</msg>
<msg timestamp="20221023 14:57:03.144" level="INFO">${watchersCount} = 2171</msg>
<status status="PASS" starttime="20221023 14:57:03.144" endtime="20221023 14:57:03.144"/>
</kw>
<kw name="Set Variable" library="BuiltIn">
<var>${currentRepoName}</var>
<arg>${json['name']}</arg>
<doc>Returns the given values which can then be assigned to a variables.</doc>
<msg timestamp="20221023 14:57:03.144" level="DEBUG">Test timeout 2 minutes active. 118.862 seconds left.</msg>
<msg timestamp="20221023 14:57:03.144" level="INFO">${currentRepoName} = selenium-ide</msg>
<status status="PASS" starttime="20221023 14:57:03.144" endtime="20221023 14:57:03.144"/>
</kw>
<kw name="Evaluate" library="BuiltIn">
<var>${check}</var>
<arg>int(${maxWatcherCount}) &lt; int(${watchersCount})</arg>
<doc>Evaluates the given expression in Python and returns the result.</doc>
<msg timestamp="20221023 14:57:03.145" level="DEBUG">Test timeout 2 minutes active. 118.861 seconds left.</msg>
<msg timestamp="20221023 14:57:03.145" level="INFO">${check} = False</msg>
<status status="PASS" starttime="20221023 14:57:03.145" endtime="20221023 14:57:03.145"/>
</kw>
<kw name="Set Variable If" library="BuiltIn">
<var>${maxWatcherCount}</var>
<arg>${check}==${True}</arg>
<arg>${watchersCount}</arg>
<arg>${maxWatcherCount}</arg>
<doc>Sets variable based on the given condition.</doc>
<msg timestamp="20221023 14:57:03.145" level="INFO">${maxWatcherCount} = 24930</msg>
<status status="PASS" starttime="20221023 14:57:03.145" endtime="20221023 14:57:03.145"/>
</kw>
<kw name="Set Variable If" library="BuiltIn">
<var>${repoName}</var>
<arg>${check}==${True}</arg>
<arg>${currentRepoName}</arg>
<arg>${repoName}</arg>
<doc>Sets variable based on the given condition.</doc>
<msg timestamp="20221023 14:57:03.145" level="INFO">${repoName} = selenium</msg>
<status status="PASS" starttime="20221023 14:57:03.145" endtime="20221023 14:57:03.145"/>
</kw>
<status status="PASS" starttime="20221023 14:57:03.144" endtime="20221023 14:57:03.145"/>
</iter>
<iter>
<var name="${json}">{'id': 173483416, 'node_id': 'MDEwOlJlcG9zaXRvcnkxNzM0ODM0MTY=', 'name': 'heroku-selenium', 'full_name': 'SeleniumHQ/heroku-selenium', 'private': False, 'owner': {'login': 'SeleniumHQ', 'id': 983927, ...</var>
<kw name="Set Variable" library="BuiltIn">
<var>${watchersCount}</var>
<arg>${json['watchers']}</arg>
<doc>Returns the given values which can then be assigned to a variables.</doc>
<msg timestamp="20221023 14:57:03.145" level="DEBUG">Test timeout 2 minutes active. 118.861 seconds left.</msg>
<msg timestamp="20221023 14:57:03.145" level="INFO">${watchersCount} = 4</msg>
<status status="PASS" starttime="20221023 14:57:03.145" endtime="20221023 14:57:03.145"/>
</kw>
<kw name="Set Variable" library="BuiltIn">
<var>${currentRepoName}</var>
<arg>${json['name']}</arg>
<doc>Returns the given values which can then be assigned to a variables.</doc>
<msg timestamp="20221023 14:57:03.145" level="DEBUG">Test timeout 2 minutes active. 118.861 seconds left.</msg>
<msg timestamp="20221023 14:57:03.145" level="INFO">${currentRepoName} = heroku-selenium</msg>
<status status="PASS" starttime="20221023 14:57:03.145" endtime="20221023 14:57:03.145"/>
</kw>
<kw name="Evaluate" library="BuiltIn">
<var>${check}</var>
<arg>int(${maxWatcherCount}) &lt; int(${watchersCount})</arg>
<doc>Evaluates the given expression in Python and returns the result.</doc>
<msg timestamp="20221023 14:57:03.146" level="DEBUG">Test timeout 2 minutes active. 118.86 seconds left.</msg>
<msg timestamp="20221023 14:57:03.146" level="INFO">${check} = False</msg>
<status status="PASS" starttime="20221023 14:57:03.146" endtime="20221023 14:57:03.146"/>
</kw>
<kw name="Set Variable If" library="BuiltIn">
<var>${maxWatcherCount}</var>
<arg>${check}==${True}</arg>
<arg>${watchersCount}</arg>
<arg>${maxWatcherCount}</arg>
<doc>Sets variable based on the given condition.</doc>
<msg timestamp="20221023 14:57:03.146" level="INFO">${maxWatcherCount} = 24930</msg>
<status status="PASS" starttime="20221023 14:57:03.146" endtime="20221023 14:57:03.146"/>
</kw>
<kw name="Set Variable If" library="BuiltIn">
<var>${repoName}</var>
<arg>${check}==${True}</arg>
<arg>${currentRepoName}</arg>
<arg>${repoName}</arg>
<doc>Sets variable based on the given condition.</doc>
<msg timestamp="20221023 14:57:03.146" level="INFO">${repoName} = selenium</msg>
<status status="PASS" starttime="20221023 14:57:03.146" endtime="20221023 14:57:03.146"/>
</kw>
<status status="PASS" starttime="20221023 14:57:03.145" endtime="20221023 14:57:03.146"/>
</iter>
<iter>
<var name="${json}">{'id': 210569465, 'node_id': 'MDEwOlJlcG9zaXRvcnkyMTA1Njk0NjU=', 'name': 'seleniumhq.github.io', 'full_name': 'SeleniumHQ/seleniumhq.github.io', 'private': False, 'owner': {'login': 'SeleniumHQ', 'id'...</var>
<kw name="Set Variable" library="BuiltIn">
<var>${watchersCount}</var>
<arg>${json['watchers']}</arg>
<doc>Returns the given values which can then be assigned to a variables.</doc>
<msg timestamp="20221023 14:57:03.146" level="DEBUG">Test timeout 2 minutes active. 118.86 seconds left.</msg>
<msg timestamp="20221023 14:57:03.146" level="INFO">${watchersCount} = 443</msg>
<status status="PASS" starttime="20221023 14:57:03.146" endtime="20221023 14:57:03.146"/>
</kw>
<kw name="Set Variable" library="BuiltIn">
<var>${currentRepoName}</var>
<arg>${json['name']}</arg>
<doc>Returns the given values which can then be assigned to a variables.</doc>
<msg timestamp="20221023 14:57:03.146" level="DEBUG">Test timeout 2 minutes active. 118.86 seconds left.</msg>
<msg timestamp="20221023 14:57:03.147" level="INFO">${currentRepoName} = seleniumhq.github.io</msg>
<status status="PASS" starttime="20221023 14:57:03.146" endtime="20221023 14:57:03.147"/>
</kw>
<kw name="Evaluate" library="BuiltIn">
<var>${check}</var>
<arg>int(${maxWatcherCount}) &lt; int(${watchersCount})</arg>
<doc>Evaluates the given expression in Python and returns the result.</doc>
<msg timestamp="20221023 14:57:03.147" level="DEBUG">Test timeout 2 minutes active. 118.859 seconds left.</msg>
<msg timestamp="20221023 14:57:03.147" level="INFO">${check} = False</msg>
<status status="PASS" starttime="20221023 14:57:03.147" endtime="20221023 14:57:03.147"/>
</kw>
<kw name="Set Variable If" library="BuiltIn">
<var>${maxWatcherCount}</var>
<arg>${check}==${True}</arg>
<arg>${watchersCount}</arg>
<arg>${maxWatcherCount}</arg>
<doc>Sets variable based on the given condition.</doc>
<msg timestamp="20221023 14:57:03.147" level="INFO">${maxWatcherCount} = 24930</msg>
<status status="PASS" starttime="20221023 14:57:03.147" endtime="20221023 14:57:03.147"/>
</kw>
<kw name="Set Variable If" library="BuiltIn">
<var>${repoName}</var>
<arg>${check}==${True}</arg>
<arg>${currentRepoName}</arg>
<arg>${repoName}</arg>
<doc>Sets variable based on the given condition.</doc>
<msg timestamp="20221023 14:57:03.147" level="INFO">${repoName} = selenium</msg>
<status status="PASS" starttime="20221023 14:57:03.147" endtime="20221023 14:57:03.147"/>
</kw>
<status status="PASS" starttime="20221023 14:57:03.146" endtime="20221023 14:57:03.147"/>
</iter>
<iter>
<var name="${json}">{'id': 227915555, 'node_id': 'MDEwOlJlcG9zaXRvcnkyMjc5MTU1NTU=', 'name': 'selenium-assistant', 'full_name': 'SeleniumHQ/selenium-assistant', 'private': False, 'owner': {'login': 'SeleniumHQ', 'id': 98...</var>
<kw name="Set Variable" library="BuiltIn">
<var>${watchersCount}</var>
<arg>${json['watchers']}</arg>
<doc>Returns the given values which can then be assigned to a variables.</doc>
<msg timestamp="20221023 14:57:03.147" level="DEBUG">Test timeout 2 minutes active. 118.859 seconds left.</msg>
<msg timestamp="20221023 14:57:03.147" level="INFO">${watchersCount} = 10</msg>
<status status="PASS" starttime="20221023 14:57:03.147" endtime="20221023 14:57:03.147"/>
</kw>
<kw name="Set Variable" library="BuiltIn">
<var>${currentRepoName}</var>
<arg>${json['name']}</arg>
<doc>Returns the given values which can then be assigned to a variables.</doc>
<msg timestamp="20221023 14:57:03.147" level="DEBUG">Test timeout 2 minutes active. 118.859 seconds left.</msg>
<msg timestamp="20221023 14:57:03.148" level="INFO">${currentRepoName} = selenium-assistant</msg>
<status status="PASS" starttime="20221023 14:57:03.147" endtime="20221023 14:57:03.148"/>
</kw>
<kw name="Evaluate" library="BuiltIn">
<var>${check}</var>
<arg>int(${maxWatcherCount}) &lt; int(${watchersCount})</arg>
<doc>Evaluates the given expression in Python and returns the result.</doc>
<msg timestamp="20221023 14:57:03.148" level="DEBUG">Test timeout 2 minutes active. 118.858 seconds left.</msg>
<msg timestamp="20221023 14:57:03.148" level="INFO">${check} = False</msg>
<status status="PASS" starttime="20221023 14:57:03.148" endtime="20221023 14:57:03.148"/>
</kw>
<kw name="Set Variable If" library="BuiltIn">
<var>${maxWatcherCount}</var>
<arg>${check}==${True}</arg>
<arg>${watchersCount}</arg>
<arg>${maxWatcherCount}</arg>
<doc>Sets variable based on the given condition.</doc>
<msg timestamp="20221023 14:57:03.148" level="INFO">${maxWatcherCount} = 24930</msg>
<status status="PASS" starttime="20221023 14:57:03.148" endtime="20221023 14:57:03.148"/>
</kw>
<kw name="Set Variable If" library="BuiltIn">
<var>${repoName}</var>
<arg>${check}==${True}</arg>
<arg>${currentRepoName}</arg>
<arg>${repoName}</arg>
<doc>Sets variable based on the given condition.</doc>
<msg timestamp="20221023 14:57:03.148" level="INFO">${repoName} = selenium</msg>
<status status="PASS" starttime="20221023 14:57:03.148" endtime="20221023 14:57:03.148"/>
</kw>
<status status="PASS" starttime="20221023 14:57:03.147" endtime="20221023 14:57:03.148"/>
</iter>
<iter>
<var name="${json}">{'id': 453051188, 'node_id': 'R_kgDOGwEDNA', 'name': 'rules_jvm_external', 'full_name': 'SeleniumHQ/rules_jvm_external', 'private': False, 'owner': {'login': 'SeleniumHQ', 'id': 983927, 'node_id': 'MD...</var>
<kw name="Set Variable" library="BuiltIn">
<var>${watchersCount}</var>
<arg>${json['watchers']}</arg>
<doc>Returns the given values which can then be assigned to a variables.</doc>
<msg timestamp="20221023 14:57:03.148" level="DEBUG">Test timeout 2 minutes active. 118.858 seconds left.</msg>
<msg timestamp="20221023 14:57:03.148" level="INFO">${watchersCount} = 1</msg>
<status status="PASS" starttime="20221023 14:57:03.148" endtime="20221023 14:57:03.148"/>
</kw>
<kw name="Set Variable" library="BuiltIn">
<var>${currentRepoName}</var>
<arg>${json['name']}</arg>
<doc>Returns the given values which can then be assigned to a variables.</doc>
<msg timestamp="20221023 14:57:03.149" level="DEBUG">Test timeout 2 minutes active. 118.858 seconds left.</msg>
<msg timestamp="20221023 14:57:03.149" level="INFO">${currentRepoName} = rules_jvm_external</msg>
<status status="PASS" starttime="20221023 14:57:03.148" endtime="20221023 14:57:03.149"/>
</kw>
<kw name="Evaluate" library="BuiltIn">
<var>${check}</var>
<arg>int(${maxWatcherCount}) &lt; int(${watchersCount})</arg>
<doc>Evaluates the given expression in Python and returns the result.</doc>
<msg timestamp="20221023 14:57:03.149" level="DEBUG">Test timeout 2 minutes active. 118.857 seconds left.</msg>
<msg timestamp="20221023 14:57:03.149" level="INFO">${check} = False</msg>
<status status="PASS" starttime="20221023 14:57:03.149" endtime="20221023 14:57:03.149"/>
</kw>
<kw name="Set Variable If" library="BuiltIn">
<var>${maxWatcherCount}</var>
<arg>${check}==${True}</arg>
<arg>${watchersCount}</arg>
<arg>${maxWatcherCount}</arg>
<doc>Sets variable based on the given condition.</doc>
<msg timestamp="20221023 14:57:03.149" level="INFO">${maxWatcherCount} = 24930</msg>
<status status="PASS" starttime="20221023 14:57:03.149" endtime="20221023 14:57:03.149"/>
</kw>
<kw name="Set Variable If" library="BuiltIn">
<var>${repoName}</var>
<arg>${check}==${True}</arg>
<arg>${currentRepoName}</arg>
<arg>${repoName}</arg>
<doc>Sets variable based on the given condition.</doc>
<msg timestamp="20221023 14:57:03.149" level="INFO">${repoName} = selenium</msg>
<status status="PASS" starttime="20221023 14:57:03.149" endtime="20221023 14:57:03.149"/>
</kw>
<status status="PASS" starttime="20221023 14:57:03.148" endtime="20221023 14:57:03.149"/>
</iter>
<iter>
<var name="${json}">{'id': 491131117, 'node_id': 'R_kgDOHUYQ7Q', 'name': '.github', 'full_name': 'SeleniumHQ/.github', 'private': False, 'owner': {'login': 'SeleniumHQ', 'id': 983927, 'node_id': 'MDEyOk9yZ2FuaXphdGlvbjk4...</var>
<kw name="Set Variable" library="BuiltIn">
<var>${watchersCount}</var>
<arg>${json['watchers']}</arg>
<doc>Returns the given values which can then be assigned to a variables.</doc>
<msg timestamp="20221023 14:57:03.149" level="DEBUG">Test timeout 2 minutes active. 118.857 seconds left.</msg>
<msg timestamp="20221023 14:57:03.149" level="INFO">${watchersCount} = 2</msg>
<status status="PASS" starttime="20221023 14:57:03.149" endtime="20221023 14:57:03.149"/>
</kw>
<kw name="Set Variable" library="BuiltIn">
<var>${currentRepoName}</var>
<arg>${json['name']}</arg>
<doc>Returns the given values which can then be assigned to a variables.</doc>
<msg timestamp="20221023 14:57:03.150" level="DEBUG">Test timeout 2 minutes active. 118.856 seconds left.</msg>
<msg timestamp="20221023 14:57:03.150" level="INFO">${currentRepoName} = .github</msg>
<status status="PASS" starttime="20221023 14:57:03.149" endtime="20221023 14:57:03.150"/>
</kw>
<kw name="Evaluate" library="BuiltIn">
<var>${check}</var>
<arg>int(${maxWatcherCount}) &lt; int(${watchersCount})</arg>
<doc>Evaluates the given expression in Python and returns the result.</doc>
<msg timestamp="20221023 14:57:03.150" level="DEBUG">Test timeout 2 minutes active. 118.856 seconds left.</msg>
<msg timestamp="20221023 14:57:03.150" level="INFO">${check} = False</msg>
<status status="PASS" starttime="20221023 14:57:03.150" endtime="20221023 14:57:03.150"/>
</kw>
<kw name="Set Variable If" library="BuiltIn">
<var>${maxWatcherCount}</var>
<arg>${check}==${True}</arg>
<arg>${watchersCount}</arg>
<arg>${maxWatcherCount}</arg>
<doc>Sets variable based on the given condition.</doc>
<msg timestamp="20221023 14:57:03.150" level="INFO">${maxWatcherCount} = 24930</msg>
<status status="PASS" starttime="20221023 14:57:03.150" endtime="20221023 14:57:03.150"/>
</kw>
<kw name="Set Variable If" library="BuiltIn">
<var>${repoName}</var>
<arg>${check}==${True}</arg>
<arg>${currentRepoName}</arg>
<arg>${repoName}</arg>
<doc>Sets variable based on the given condition.</doc>
<msg timestamp="20221023 14:57:03.150" level="INFO">${repoName} = selenium</msg>
<status status="PASS" starttime="20221023 14:57:03.150" endtime="20221023 14:57:03.150"/>
</kw>
<status status="PASS" starttime="20221023 14:57:03.149" endtime="20221023 14:57:03.150"/>
</iter>
<status status="PASS" starttime="20221023 14:57:03.128" endtime="20221023 14:57:03.150"/>
</for>
<kw name="Log" library="BuiltIn">
<arg>Maximum watchers: ${maxWatcherCount}</arg>
<doc>Logs the given message with the given level.</doc>
<msg timestamp="20221023 14:57:03.150" level="DEBUG">Test timeout 2 minutes active. 118.856 seconds left.</msg>
<msg timestamp="20221023 14:57:03.150" level="INFO">Maximum watchers: 24930</msg>
<status status="PASS" starttime="20221023 14:57:03.150" endtime="20221023 14:57:03.150"/>
</kw>
<kw name="Log" library="BuiltIn">
<arg>Repository has most watchers is: ${repoName}</arg>
<doc>Logs the given message with the given level.</doc>
<msg timestamp="20221023 14:57:03.150" level="DEBUG">Test timeout 2 minutes active. 118.856 seconds left.</msg>
<msg timestamp="20221023 14:57:03.150" level="INFO">Repository has most watchers is: selenium</msg>
<status status="PASS" starttime="20221023 14:57:03.150" endtime="20221023 14:57:03.150"/>
</kw>
<status status="PASS" starttime="20221023 14:57:03.124" endtime="20221023 14:57:03.150"/>
</kw>
<status status="PASS" starttime="20221023 14:57:03.124" endtime="20221023 14:57:03.150"/>
</kw>
<tag>TC03</tag>
<timeout value="2 minutes"/>
<status status="PASS" starttime="20221023 14:57:02.006" endtime="20221023 14:57:03.151"/>
</test>
<kw name="Close Github API Session" library="mainFunctions" type="TEARDOWN">
<kw name="Close All Connections" library="Telnet">
<doc>Closes all open connections and empties the connection cache.</doc>
<status status="PASS" starttime="20221023 14:57:03.151" endtime="20221023 14:57:03.151"/>
</kw>
<status status="PASS" starttime="20221023 14:57:03.151" endtime="20221023 14:57:03.151"/>
</kw>
<status status="PASS" starttime="20221023 14:56:58.978" endtime="20221023 14:57:03.151"/>
</suite>
<status status="PASS" starttime="20221023 14:56:58.970" endtime="20221023 14:57:03.152"/>
</suite>
<statistics>
<total>
<stat pass="3" fail="0" skip="0">All Tests</stat>
</total>
<tag>
<stat pass="1" fail="0" skip="0">TC01</stat>
<stat pass="1" fail="0" skip="0">TC02</stat>
<stat pass="1" fail="0" skip="0">TC03</stat>
</tag>
<suite>
<stat pass="3" fail="0" skip="0" id="s1" name="Tests">Tests</stat>
<stat pass="3" fail="0" skip="0" id="s1-s1" name="gitHubApi">Tests.gitHubApi</stat>
</suite>
</statistics>
<errors>
</errors>
</robot>
